######## ERROR SUMMARY ##################
Errors encountered:14

example_table_table.xml::4c34968744ac425a4e7023888bc29502db51acc0::(CRAFTSHARP)-Generated

Error starting at line : 1 in command -
CREATE TABLE "EXAMPLE_TABLE"
   (	"LDATETIME" VARCHAR2(40),
	"L_OPEN" NUMBER(8,0),
	"L_HIGH" NUMBER(8,0),
	"L_LOW" NUMBER(8,0),
	"L_CLOSE" NUMBER(8,0),
	"L_VOLUME" NUMBER(8,0)
   ) ORGANIZATION EXTERNAL
  ( TYPE ORACLE_LOADER
    DEFAULT DIRECTORY "EXT"
    ACCESS PARAMETERS
    ( RECORDS DELIMITED BY NEWLINE
    FIELDS TERMINATED BY ','
  )
    LOCATION
    ( 'aml.ax.csv'
    )
  )
Error report -
ORA-06564: object EXT does not exist
06564. 00000 -  "object %s does not exist"
*Cause:    The named object could not be found.  Either it does not exist
           or you do not have permission to access it.
*Action:   Create the object or get permission to access it.
######## END ERROR SUMMARY ##################
btcusd_err$_comments.xml::5799af577e259d9ab8b95d0d43440e8ec5b43554::(CRAFTSHARP)-Generated

Error starting at line : 1 in command -
COMMENT ON TABLE "CRAFTSHARP"."BTCUSD_ERR$"  IS 'DML Error Logging table for "BTCUSD"'
Error report -
ORA-00942: table or view does not exist
00942. 00000 -  "table or view does not exist"
*Cause:    
*Action:
######## END ERROR SUMMARY ##################
eba_demo_chart_stats_1_index.xml::cdbb19b2eaf7f3377320e6bc6bb52a221e0dd51c::(CRAFTSHARP)-Generated

Error starting at line : 1 in command -
CREATE INDEX "EBA_DEMO_CHART_STATS_1" ON "EBA_DEMO_CHART_STATS" ("EMPLOYEE")
  PCTFREE 10 INITRANS 2 MAXTRANS 255 LOGGING
  STORAGE(INITIAL 65536 NEXT 1048576 MINEXTENTS 1 MAXEXTENTS 2147483645
  PCTINCREASE 0 FREELISTS 1 FREELIST GROUPS 1 BUFFER_POOL DEFAULT FLASH_CACHE DEFAULT CELL_FLASH_CACHE DEFAULT)
  TABLESPACE "APEX_1800792059187979"
Error report -
ORA-00959: tablespace 'APEX_1800792059187979' does not exist
00959. 00000 -  "tablespace '%s' does not exist"
*Cause:    
*Action:
######## END ERROR SUMMARY ##################
eba_demo_chart_emp_2_index.xml::382f1a99ae1cb06ca1a90d2476511dc4542ab67b::(CRAFTSHARP)-Generated

Error starting at line : 1 in command -
CREATE INDEX "EBA_DEMO_CHART_EMP_2" ON "EBA_DEMO_CHART_EMP" ("DEPTNO")
  PCTFREE 10 INITRANS 2 MAXTRANS 255 LOGGING
  STORAGE(INITIAL 65536 NEXT 1048576 MINEXTENTS 1 MAXEXTENTS 2147483645
  PCTINCREASE 0 FREELISTS 1 FREELIST GROUPS 1 BUFFER_POOL DEFAULT FLASH_CACHE DEFAULT CELL_FLASH_CACHE DEFAULT)
  TABLESPACE "APEX_1800792059187979"
Error report -
ORA-00959: tablespace 'APEX_1800792059187979' does not exist
00959. 00000 -  "tablespace '%s' does not exist"
*Cause:    
*Action:
######## END ERROR SUMMARY ##################
eba_demo_chart_tasks_idx1_index.xml::55c316370f61204dc5b6711a24e78c75151fed12::(CRAFTSHARP)-Generated

Error starting at line : 1 in command -
CREATE INDEX "EBA_DEMO_CHART_TASKS_IDX1" ON "EBA_DEMO_CHART_TASKS" ("PROJECT")
  PCTFREE 10 INITRANS 2 MAXTRANS 255 LOGGING
  STORAGE(INITIAL 65536 NEXT 1048576 MINEXTENTS 1 MAXEXTENTS 2147483645
  PCTINCREASE 0 FREELISTS 1 FREELIST GROUPS 1 BUFFER_POOL DEFAULT FLASH_CACHE DEFAULT CELL_FLASH_CACHE DEFAULT)
  TABLESPACE "APEX_1800792059187979"
Error report -
ORA-00959: tablespace 'APEX_1800792059187979' does not exist
00959. 00000 -  "tablespace '%s' does not exist"
*Cause:    
*Action:
######## END ERROR SUMMARY ##################
eba_demo_chart_prod_1_index.xml::d58235c075ba5c7447f3a3742ce3d845caedced7::(CRAFTSHARP)-Generated

Error starting at line : 1 in command -
CREATE INDEX "EBA_DEMO_CHART_PROD_1" ON "EBA_DEMO_CHART_PRODUCTS" ("LIST_PRICE")
  PCTFREE 10 INITRANS 2 MAXTRANS 255 LOGGING
  STORAGE(INITIAL 65536 NEXT 1048576 MINEXTENTS 1 MAXEXTENTS 2147483645
  PCTINCREASE 0 FREELISTS 1 FREELIST GROUPS 1 BUFFER_POOL DEFAULT FLASH_CACHE DEFAULT CELL_FLASH_CACHE DEFAULT)
  TABLESPACE "APEX_1800792059187979"
Error report -
ORA-00959: tablespace 'APEX_1800792059187979' does not exist
00959. 00000 -  "tablespace '%s' does not exist"
*Cause:    
*Action:
######## END ERROR SUMMARY ##################
eba_demo_chart_ord_2_index.xml::475c1af9ecc59da9e8c639e0676829aec7b0ecae::(CRAFTSHARP)-Generated

Error starting at line : 1 in command -
CREATE INDEX "EBA_DEMO_CHART_ORD_2" ON "EBA_DEMO_CHART_ORDERS" ("PRODUCT_ID")
  PCTFREE 10 INITRANS 2 MAXTRANS 255 LOGGING
  STORAGE(INITIAL 65536 NEXT 1048576 MINEXTENTS 1 MAXEXTENTS 2147483645
  PCTINCREASE 0 FREELISTS 1 FREELIST GROUPS 1 BUFFER_POOL DEFAULT FLASH_CACHE DEFAULT CELL_FLASH_CACHE DEFAULT)
  TABLESPACE "APEX_1800792059187979"
Error report -
ORA-00959: tablespace 'APEX_1800792059187979' does not exist
00959. 00000 -  "tablespace '%s' does not exist"
*Cause:    
*Action:
######## END ERROR SUMMARY ##################
eba_demo_chart_ord_1_index.xml::ee3a3e04c9d578b93d352afecbefdb2b6bf7b5bb::(CRAFTSHARP)-Generated

Error starting at line : 1 in command -
CREATE INDEX "EBA_DEMO_CHART_ORD_1" ON "EBA_DEMO_CHART_ORDERS" ("QUANTITY")
  PCTFREE 10 INITRANS 2 MAXTRANS 255 LOGGING
  STORAGE(INITIAL 65536 NEXT 1048576 MINEXTENTS 1 MAXEXTENTS 2147483645
  PCTINCREASE 0 FREELISTS 1 FREELIST GROUPS 1 BUFFER_POOL DEFAULT FLASH_CACHE DEFAULT CELL_FLASH_CACHE DEFAULT)
  TABLESPACE "APEX_1800792059187979"
Error report -
ORA-00959: tablespace 'APEX_1800792059187979' does not exist
00959. 00000 -  "tablespace '%s' does not exist"
*Cause:    
*Action:
######## END ERROR SUMMARY ##################
eba_demo_chart_emp_1_index.xml::06ea659b508a4f05b62b5d353a4e723877f583a8::(CRAFTSHARP)-Generated

Error starting at line : 1 in command -
CREATE INDEX "EBA_DEMO_CHART_EMP_1" ON "EBA_DEMO_CHART_EMP" ("MGR")
  PCTFREE 10 INITRANS 2 MAXTRANS 255 LOGGING
  STORAGE(INITIAL 65536 NEXT 1048576 MINEXTENTS 1 MAXEXTENTS 2147483645
  PCTINCREASE 0 FREELISTS 1 FREELIST GROUPS 1 BUFFER_POOL DEFAULT FLASH_CACHE DEFAULT CELL_FLASH_CACHE DEFAULT)
  TABLESPACE "APEX_1800792059187979"
Error report -
ORA-00959: tablespace 'APEX_1800792059187979' does not exist
00959. 00000 -  "tablespace '%s' does not exist"
*Cause:    
*Action:
######## END ERROR SUMMARY ##################
eba_demo_chart_stats_2_index.xml::eac27f5c8470229c6aeeecd62242c07f9e7deebd::(CRAFTSHARP)-Generated

Error starting at line : 1 in command -
CREATE INDEX "EBA_DEMO_CHART_STATS_2" ON "EBA_DEMO_CHART_STATS" ("EMPLOYER")
  PCTFREE 10 INITRANS 2 MAXTRANS 255 LOGGING
  STORAGE(INITIAL 65536 NEXT 1048576 MINEXTENTS 1 MAXEXTENTS 2147483645
  PCTINCREASE 0 FREELISTS 1 FREELIST GROUPS 1 BUFFER_POOL DEFAULT FLASH_CACHE DEFAULT CELL_FLASH_CACHE DEFAULT)
  TABLESPACE "APEX_1800792059187979"
Error report -
ORA-00959: tablespace 'APEX_1800792059187979' does not exist
00959. 00000 -  "tablespace '%s' does not exist"
*Cause:    
*Action:
######## END ERROR SUMMARY ##################
eba_demo_chart_stats_3_index.xml::ab353209763b25998681eb8d833c4651d0a73f2e::(CRAFTSHARP)-Generated

Error starting at line : 1 in command -
CREATE INDEX "EBA_DEMO_CHART_STATS_3" ON "EBA_DEMO_CHART_STATS" ("TOTAL")
  PCTFREE 10 INITRANS 2 MAXTRANS 255 LOGGING
  STORAGE(INITIAL 65536 NEXT 1048576 MINEXTENTS 1 MAXEXTENTS 2147483645
  PCTINCREASE 0 FREELISTS 1 FREELIST GROUPS 1 BUFFER_POOL DEFAULT FLASH_CACHE DEFAULT CELL_FLASH_CACHE DEFAULT)
  TABLESPACE "APEX_1800792059187979"
Error report -
ORA-00959: tablespace 'APEX_1800792059187979' does not exist
00959. 00000 -  "tablespace '%s' does not exist"
*Cause:    
*Action:
######## END ERROR SUMMARY ##################
d_craftsharp_d_bars_i1_index.xml::b7934c51deda8f2c06e7a4a11b59c8128eea2a36::(CRAFTSHARP)-Generated

Error starting at line : 1 in command -
CREATE INDEX "D_CRAFTSHARP_D_BARS_I1" ON "D_BARS" ("INSTRUMENT_ID")
  PCTFREE 10 INITRANS 2 MAXTRANS 255 LOGGING
  STORAGE(INITIAL 65536 NEXT 1048576 MINEXTENTS 1 MAXEXTENTS 2147483645
  PCTINCREASE 0 FREELISTS 1 FREELIST GROUPS 1 BUFFER_POOL DEFAULT FLASH_CACHE DEFAULT CELL_FLASH_CACHE DEFAULT)
  TABLESPACE "APEX_1800792059187979"
Error report -
ORA-00959: tablespace 'APEX_1800792059187979' does not exist
00959. 00000 -  "tablespace '%s' does not exist"
*Cause:    
*Action:
######## END ERROR SUMMARY ##################
eba_demo_chart_sample_idx1_index.xml::6f44328ac7e9fe3979bcad3e2f01f200972cee0a::(CRAFTSHARP)-Generated

Error starting at line : 1 in command -
CREATE INDEX "EBA_DEMO_CHART_SAMPLE_IDX1" ON "EBA_DEMO_CHART_SAMPLE_DATA" ("SAMPLE_ID")
  PCTFREE 10 INITRANS 2 MAXTRANS 255 LOGGING
  STORAGE(INITIAL 65536 NEXT 1048576 MINEXTENTS 1 MAXEXTENTS 2147483645
  PCTINCREASE 0 FREELISTS 1 FREELIST GROUPS 1 BUFFER_POOL DEFAULT FLASH_CACHE DEFAULT CELL_FLASH_CACHE DEFAULT)
  TABLESPACE "APEX_1800792059187979"
Error report -
ORA-00959: tablespace 'APEX_1800792059187979' does not exist
00959. 00000 -  "tablespace '%s' does not exist"
*Cause:    
*Action:
######## END ERROR SUMMARY ##################
eba_demo_chart_bball_1_index.xml::cc1c1ba6b9788503f21354a551f7a019430e19fe::(CRAFTSHARP)-Generated

Error starting at line : 1 in command -
CREATE INDEX "EBA_DEMO_CHART_BBALL_1" ON "EBA_DEMO_CHART_BBALL" ("WINS")
  PCTFREE 10 INITRANS 2 MAXTRANS 255 LOGGING
  STORAGE(INITIAL 65536 NEXT 1048576 MINEXTENTS 1 MAXEXTENTS 2147483645
  PCTINCREASE 0 FREELISTS 1 FREELIST GROUPS 1 BUFFER_POOL DEFAULT FLASH_CACHE DEFAULT CELL_FLASH_CACHE DEFAULT)
  TABLESPACE "APEX_1800792059187979"
Error report -
ORA-00959: tablespace 'APEX_1800792059187979' does not exist
00959. 00000 -  "tablespace '%s' does not exist"
*Cause:    
*Action:
######## END ERROR SUMMARY ##################
