######## ERROR SUMMARY ##################
Errors encountered:67

crypto_exchanges_table.xml::9e9a8d278b1da9a87a53cab2bd08e3317dfcd9f2::(CRAFTSHARP)-Generated

Error starting at line : 1 in command -
CREATE TABLE "CRYPTO_EXCHANGES"
   (	"ID" NUMBER,
	"URL" VARCHAR2(4000),
	"NAME" VARCHAR2(4000),
	"TIER" VARCHAR2(4000),
	"LOCALE" VARCHAR2(4000),
	"MARKET" VARCHAR2(4000),
	"APEX$SYNC_STEP_STATIC_ID" VARCHAR2(255),
	"APEX$ROW_SYNC_TIMESTAMP" TIMESTAMP (6) WITH TIME ZONE
   ) SEGMENT CREATION IMMEDIATE
  PCTFREE 10 PCTUSED 40 INITRANS 1 NOCOMPRESS LOGGING
  STORAGE( INITIAL 65536 NEXT 1048576 MINEXTENTS 1 MAXEXTENTS 2147483645
  PCTINCREASE 0 FREELISTS 1 FREELIST GROUPS 1
  BUFFER_POOL DEFAULT FLASH_CACHE DEFAULT CELL_FLASH_CACHE DEFAULT)
  TABLESPACE "APEX_1800792059187979"
Error report -
ORA-00959: tablespace 'APEX_1800792059187979' does not exist
00959. 00000 -  "tablespace '%s' does not exist"
*Cause:    
*Action:
######## END ERROR SUMMARY ##################
instrument_hist_table.xml::53793abfeee471e0c7101ce1b4d14e4284136451::(CRAFTSHARP)-Generated

Error starting at line : 1 in command -
CREATE TABLE "INSTRUMENT_HIST"
   (	"ID" NUMBER NOT NULL ENABLE,
	"STOCK_CODE" VARCHAR2(4),
	"STOCK_NAME" VARCHAR2(130),
	"PRICING_DATE" DATE,
	"PRICING_TIMESTAMP" TIMESTAMP(6),
	"PRICING_TIMESTAMP_TZ" TIMESTAMP (6) WITH TIME ZONE,
	"OPENING_VAL" NUMBER,
	"HIGH" NUMBER,
	"LOW" NUMBER,
	"CLOSING_VAL" NUMBER,
	"VOLUME" NUMBER,
	CONSTRAINT "INSTRUMENT_HIST_PK" PRIMARY KEY ("ID")
  USING INDEX
  PCTFREE 10 INITRANS 2 MAXTRANS 255 LOGGING
  STORAGE(INITIAL 65536 NEXT 1048576 MINEXTENTS 1 MAXEXTENTS 2147483645
  PCTINCREASE 0 FREELISTS 1 FREELIST GROUPS 1 BUFFER_POOL DEFAULT FLASH_CACHE DEFAULT CELL_FLASH_CACHE DEFAULT)
  TABLESPACE "APEX_1800792059187979"  ENABLE
   ) SEGMENT CREATION IMMEDIATE
  PCTFREE 10 PCTUSED 40 INITRANS 1 NOCOMPRESS LOGGING
  STORAGE( INITIAL 65536 NEXT 1048576 MINEXTENTS 1 MAXEXTENTS 2147483645
  PCTINCREASE 0 FREELISTS 1 FREELIST GROUPS 1
  BUFFER_POOL DEFAULT FLASH_CACHE DEFAULT CELL_FLASH_CACHE DEFAULT)
  TABLESPACE "APEX_1800792059187979"
Error report -
ORA-00959: tablespace 'APEX_1800792059187979' does not exist
00959. 00000 -  "tablespace '%s' does not exist"
*Cause:    
*Action:
######## END ERROR SUMMARY ##################
eba_demo_card_random_image_table.xml::5e7b0c4bbc8f3f40678a24050a5c6ccc83291f20::(CRAFTSHARP)-Generated

Error starting at line : 1 in command -
CREATE TABLE "EBA_DEMO_CARD_RANDOM_IMAGE"
   (	"ID" NUMBER DEFAULT to_number(sys_guid(), 'XXXXXXXXXXXXXXXXXXXXXXXXXXXXXXXX'),
	"URL" VARCHAR2(255),
	"WIDTH" NUMBER,
	"AUTHOR" VARCHAR2(50),
	"HEIGHT" NUMBER,
	"DOWNLOAD_URL" VARCHAR2(255),
	CONSTRAINT "EBA_DEMO_CARD_RIMG_PK" PRIMARY KEY ("ID")
  USING INDEX
  PCTFREE 10 INITRANS 2 MAXTRANS 255 LOGGING
  STORAGE(INITIAL 65536 NEXT 1048576 MINEXTENTS 1 MAXEXTENTS 2147483645
  PCTINCREASE 0 FREELISTS 1 FREELIST GROUPS 1 BUFFER_POOL DEFAULT FLASH_CACHE DEFAULT CELL_FLASH_CACHE DEFAULT)
  TABLESPACE "APEX_1800792059187979"  ENABLE
   ) SEGMENT CREATION IMMEDIATE
  PCTFREE 10 PCTUSED 40 INITRANS 1 NOCOMPRESS LOGGING
  STORAGE( INITIAL 65536 NEXT 1048576 MINEXTENTS 1 MAXEXTENTS 2147483645
  PCTINCREASE 0 FREELISTS 1 FREELIST GROUPS 1
  BUFFER_POOL DEFAULT FLASH_CACHE DEFAULT CELL_FLASH_CACHE DEFAULT)
  TABLESPACE "APEX_1800792059187979"
Error report -
ORA-00959: tablespace 'APEX_1800792059187979' does not exist
00959. 00000 -  "tablespace '%s' does not exist"
*Cause:    
*Action:
######## END ERROR SUMMARY ##################
eba_demo_chart_projects_table.xml::afb0d8a7319feb3daa5b3134821f1d2392f34943::(CRAFTSHARP)-Generated

Error starting at line : 1 in command -
CREATE TABLE "EBA_DEMO_CHART_PROJECTS"
   (	"ID" NUMBER NOT NULL ENABLE,
	"PROJECT" VARCHAR2(30) NOT NULL ENABLE,
	"ROW_VERSION_NUMBER" NUMBER,
	"CREATED" TIMESTAMP (6) WITH TIME ZONE,
	"CREATED_BY" VARCHAR2(255),
	"UPDATED" TIMESTAMP (6) WITH TIME ZONE,
	"UPDATED_BY" VARCHAR2(255),
	CONSTRAINT "EBA_DEMO_CHARTS_PROJ_PK" PRIMARY KEY ("ID")
  USING INDEX
  PCTFREE 10 INITRANS 2 MAXTRANS 255 LOGGING
  STORAGE(INITIAL 65536 NEXT 1048576 MINEXTENTS 1 MAXEXTENTS 2147483645
  PCTINCREASE 0 FREELISTS 1 FREELIST GROUPS 1 BUFFER_POOL DEFAULT FLASH_CACHE DEFAULT CELL_FLASH_CACHE DEFAULT)
  TABLESPACE "APEX_1800792059187979"  ENABLE
   ) SEGMENT CREATION IMMEDIATE
  PCTFREE 10 PCTUSED 40 INITRANS 1 NOCOMPRESS LOGGING
  STORAGE( INITIAL 65536 NEXT 1048576 MINEXTENTS 1 MAXEXTENTS 2147483645
  PCTINCREASE 0 FREELISTS 1 FREELIST GROUPS 1
  BUFFER_POOL DEFAULT FLASH_CACHE DEFAULT CELL_FLASH_CACHE DEFAULT)
  TABLESPACE "APEX_1800792059187979"
Error report -
ORA-00959: tablespace 'APEX_1800792059187979' does not exist
00959. 00000 -  "tablespace '%s' does not exist"
*Cause:    
*Action:
######## END ERROR SUMMARY ##################
eba_demo_chart_samples_table.xml::4cdd2761b2b50c35370adb5d2ccea754e5164a52::(CRAFTSHARP)-Generated

Error starting at line : 1 in command -
CREATE TABLE "EBA_DEMO_CHART_SAMPLES"
   (	"SAMPLE1" NUMBER,
	"SAMPLE2" NUMBER,
	"SAMPLE3" NUMBER,
	"SAMPLE4" NUMBER,
	"SAMPLE5" NUMBER
   ) SEGMENT CREATION IMMEDIATE
  PCTFREE 10 PCTUSED 40 INITRANS 1 NOCOMPRESS LOGGING
  STORAGE( INITIAL 65536 NEXT 1048576 MINEXTENTS 1 MAXEXTENTS 2147483645
  PCTINCREASE 0 FREELISTS 1 FREELIST GROUPS 1
  BUFFER_POOL DEFAULT FLASH_CACHE DEFAULT CELL_FLASH_CACHE DEFAULT)
  TABLESPACE "APEX_1800792059187979"
Error report -
ORA-00959: tablespace 'APEX_1800792059187979' does not exist
00959. 00000 -  "tablespace '%s' does not exist"
*Cause:    
*Action:
######## END ERROR SUMMARY ##################
lean_data_day_table.xml::147322860484b4f36452085c346b623c33608fc4::(CRAFTSHARP)-Generated

Error starting at line : 1 in command -
CREATE TABLE "LEAN_DATA_DAY"
   (	"ID" NUMBER,
	"ROW_VERSION_NUMBER" NUMBER,
	"STOCK_CODE" VARCHAR2(4),
	"STOCK_NAME" VARCHAR2(130),
	"PRICING_DATE" DATE,
	"PRICING_TIMESTAMP" TIMESTAMP(6),
	"PRICING_TIMESTAMP_TZ" CLOB,
	"OPENING_VAL" NUMBER,
	"HIGH" NUMBER,
	"LOW" NUMBER,
	"CLOSING_VAL" NUMBER,
	"VOLUME" NUMBER,
	"CREATED" CLOB,
	"CREATED_BY" VARCHAR2(255),
	"UPDATED" CLOB,
	"UPDATED_BY" VARCHAR2(255)
   ) SEGMENT CREATION IMMEDIATE
  PCTFREE 10 PCTUSED 40 INITRANS 1 NOCOMPRESS LOGGING
  STORAGE( INITIAL 65536 NEXT 1048576 MINEXTENTS 1 MAXEXTENTS 2147483645
  PCTINCREASE 0 FREELISTS 1 FREELIST GROUPS 1
  BUFFER_POOL DEFAULT FLASH_CACHE DEFAULT CELL_FLASH_CACHE DEFAULT)
  TABLESPACE "APEX_1800792059187979"
 LOB ("PRICING_TIMESTAMP_TZ") STORE AS SECUREFILE  (
  TABLESPACE "APEX_1800792059187979" ENABLE STORAGE IN ROW CHUNK 8192
  NOCACHE LOGGING NOCOMPRESS KEEP_DUPLICATES
  STORAGE( INITIAL 106496 NEXT 1048576 MINEXTENTS 1 MAXEXTENTS 2147483645
  PCTINCREASE 0
  BUFFER_POOL DEFAULT FLASH_CACHE DEFAULT CELL_FLASH_CACHE DEFAULT))
 LOB ("CREATED") STORE AS SECUREFILE  (
  TABLESPACE "APEX_1800792059187979" ENABLE STORAGE IN ROW CHUNK 8192
  NOCACHE LOGGING NOCOMPRESS KEEP_DUPLICATES
  STORAGE( INITIAL 106496 NEXT 1048576 MINEXTENTS 1 MAXEXTENTS 2147483645
  PCTINCREASE 0
  BUFFER_POOL DEFAULT FLASH_CACHE DEFAULT CELL_FLASH_CACHE DEFAULT))
 LOB ("UPDATED") STORE AS SECUREFILE  (
  TABLESPACE "APEX_1800792059187979" ENABLE STORAGE IN ROW CHUNK 8192
  NOCACHE LOGGING NOCOMPRESS KEEP_DUPLICATES
  STORAGE( INITIAL 106496 NEXT 1048576 MINEXTENTS 1 MAXEXTENTS 2147483645
  PCTINCREASE 0
  BUFFER_POOL DEFAULT FLASH_CACHE DEFAULT CELL_FLASH_CACHE DEFAULT))
Error report -
ORA-00959: tablespace 'APEX_1800792059187979' does not exist
00959. 00000 -  "tablespace '%s' does not exist"
*Cause:    
*Action:
######## END ERROR SUMMARY ##################
eba_demo_chart_grades_table.xml::0447e7d5d6eba42add4039430ab62d346166a01e::(CRAFTSHARP)-Generated

Error starting at line : 1 in command -
CREATE TABLE "EBA_DEMO_CHART_GRADES"
   (	"ID" NUMBER,
	"COURSE" VARCHAR2(10),
	"SCHOOLA" NUMBER,
	"SCHOOLB" NUMBER NOT NULL ENABLE,
	"SCHOOLC" NUMBER,
	"CREATED" TIMESTAMP (6) WITH TIME ZONE,
	"CREATED_BY" VARCHAR2(255),
	"UPDATED" TIMESTAMP (6) WITH TIME ZONE,
	"UPDATED_BY" VARCHAR2(255)
   ) SEGMENT CREATION IMMEDIATE
  PCTFREE 10 PCTUSED 40 INITRANS 1 NOCOMPRESS LOGGING
  STORAGE( INITIAL 65536 NEXT 1048576 MINEXTENTS 1 MAXEXTENTS 2147483645
  PCTINCREASE 0 FREELISTS 1 FREELIST GROUPS 1
  BUFFER_POOL DEFAULT FLASH_CACHE DEFAULT CELL_FLASH_CACHE DEFAULT)
  TABLESPACE "APEX_1800792059187979"
Error report -
ORA-00959: tablespace 'APEX_1800792059187979' does not exist
00959. 00000 -  "tablespace '%s' does not exist"
*Cause:    
*Action:
######## END ERROR SUMMARY ##################
eba_demo_chart_orders_table.xml::c93d7b734b9db8ced866fc20e86f267d25252f07::(CRAFTSHARP)-Generated

Error starting at line : 1 in command -
CREATE TABLE "EBA_DEMO_CHART_ORDERS"
   (	"ORDER_ID" NUMBER NOT NULL ENABLE,
	"PRODUCT_ID" NUMBER,
	"QUANTITY" NUMBER(8,0),
	"CUSTOMER" VARCHAR2(30),
	"SALES_DATE" DATE,
	"CREATED" TIMESTAMP (6) WITH TIME ZONE,
	"CREATED_BY" VARCHAR2(255),
	"UPDATED" TIMESTAMP (6) WITH TIME ZONE,
	"UPDATED_BY" VARCHAR2(255),
	CONSTRAINT "EBA_DEMO_CHART_ORDER_PK" PRIMARY KEY ("ORDER_ID")
  USING INDEX
  PCTFREE 10 INITRANS 2 MAXTRANS 255 LOGGING
  STORAGE(INITIAL 65536 NEXT 1048576 MINEXTENTS 1 MAXEXTENTS 2147483645
  PCTINCREASE 0 FREELISTS 1 FREELIST GROUPS 1 BUFFER_POOL DEFAULT FLASH_CACHE DEFAULT CELL_FLASH_CACHE DEFAULT)
  TABLESPACE "APEX_1800792059187979"  ENABLE
   ) SEGMENT CREATION IMMEDIATE
  PCTFREE 10 PCTUSED 40 INITRANS 1 NOCOMPRESS LOGGING
  STORAGE( INITIAL 65536 NEXT 1048576 MINEXTENTS 1 MAXEXTENTS 2147483645
  PCTINCREASE 0 FREELISTS 1 FREELIST GROUPS 1
  BUFFER_POOL DEFAULT FLASH_CACHE DEFAULT CELL_FLASH_CACHE DEFAULT)
  TABLESPACE "APEX_1800792059187979"
Error report -
ORA-00959: tablespace 'APEX_1800792059187979' does not exist
00959. 00000 -  "tablespace '%s' does not exist"
*Cause:    
*Action:
######## END ERROR SUMMARY ##################
eba_demo_chart_population_table.xml::73d3e758b10c0de26d6b2f1b333f2087967791b4::(CRAFTSHARP)-Generated

Error starting at line : 1 in command -
CREATE TABLE "EBA_DEMO_CHART_POPULATION"
   (	"ID" NUMBER NOT NULL ENABLE,
	"ROW_VERSION_NUMBER" NUMBER,
	"STATE_NAME" VARCHAR2(100),
	"STATE_CODE" VARCHAR2(2),
	"POPULATION" NUMBER,
	"REGION" NUMBER,
	"CREATED" TIMESTAMP (6) WITH TIME ZONE,
	"CREATED_BY" VARCHAR2(255),
	"UPDATED" TIMESTAMP (6) WITH TIME ZONE,
	"UPDATED_BY" VARCHAR2(255),
	CONSTRAINT "EBA_DEMO_CHART_POP_PK" PRIMARY KEY ("ID")
  USING INDEX
  PCTFREE 10 INITRANS 2 MAXTRANS 255 LOGGING
  STORAGE(INITIAL 65536 NEXT 1048576 MINEXTENTS 1 MAXEXTENTS 2147483645
  PCTINCREASE 0 FREELISTS 1 FREELIST GROUPS 1 BUFFER_POOL DEFAULT FLASH_CACHE DEFAULT CELL_FLASH_CACHE DEFAULT)
  TABLESPACE "APEX_1800792059187979"  ENABLE
   ) SEGMENT CREATION IMMEDIATE
  PCTFREE 10 PCTUSED 40 INITRANS 1 NOCOMPRESS LOGGING
  STORAGE( INITIAL 65536 NEXT 1048576 MINEXTENTS 1 MAXEXTENTS 2147483645
  PCTINCREASE 0 FREELISTS 1 FREELIST GROUPS 1
  BUFFER_POOL DEFAULT FLASH_CACHE DEFAULT CELL_FLASH_CACHE DEFAULT)
  TABLESPACE "APEX_1800792059187979"
Error report -
ORA-00959: tablespace 'APEX_1800792059187979' does not exist
00959. 00000 -  "tablespace '%s' does not exist"
*Cause:    
*Action:
######## END ERROR SUMMARY ##################
stake_products_table.xml::3ede1bd7f15517a3d19ac03fe53b4ea2b5ab2046::(CRAFTSHARP)-Generated

Error starting at line : 1 in command -
CREATE TABLE "STAKE_PRODUCTS"
   (	"ID" VARCHAR2(4000),
	"NAME" VARCHAR2(4000),
	"NEWS" NUMBER,
	"TYPE" VARCHAR2(4000),
	"BOUGHT" NUMBER,
	"PERIOD" VARCHAR2(4000),
	"SECTOR" VARCHAR2(4000),
	"STATUS" VARCHAR2(4000),
	"SYMBOL" VARCHAR2(4000),
	"VIEWED" NUMBER,
	"WATCHED" NUMBER,
	"CATEGORY" VARCHAR2(4000),
	"URLIMAGE" VARCHAR2(4000),
	"CURRENCYID" VARCHAR2(4000),
	"LASTTRADED" NUMBER,
	"POPULARITY" NUMBER,
	"DAILYRETURN" NUMBER,
	"DESCRIPTION" VARCHAR2(4000),
	"ENCODEDNAME" VARCHAR2(4000),
	"PRODUCTTYPE" VARCHAR2(4000),
	"INCEPTIONDATE" DATE,
	"MONTHLYRETURN" NUMBER,
	"INSTRUMENTTYPEID" VARCHAR2(4000),
	"YEARLYRETURNVALUE" NUMBER,
	"DAILYRETURNPERCENTAGE" NUMBER,
	"YEARLYRETURNPERCENTAGE" NUMBER,
	"APEX$SYNC_STEP_STATIC_ID" VARCHAR2(255),
	"APEX$ROW_SYNC_TIMESTAMP" TIMESTAMP (6) WITH TIME ZONE,
	CONSTRAINT "STAKE_PRODUCTS_PK" PRIMARY KEY ("ID")
  USING INDEX
  PCTFREE 10 INITRANS 2 MAXTRANS 167 LOGGING
  STORAGE(INITIAL 65536 NEXT 1048576 MINEXTENTS 1 MAXEXTENTS 2147483645
  PCTINCREASE 0 FREELISTS 1 FREELIST GROUPS 1 BUFFER_POOL DEFAULT FLASH_CACHE DEFAULT CELL_FLASH_CACHE DEFAULT)
  TABLESPACE "APEX_1800792059187979"  ENABLE
   ) SEGMENT CREATION IMMEDIATE
  PCTFREE 10 PCTUSED 40 INITRANS 1 NOCOMPRESS LOGGING
  STORAGE( INITIAL 65536 NEXT 1048576 MINEXTENTS 1 MAXEXTENTS 2147483645
  PCTINCREASE 0 FREELISTS 1 FREELIST GROUPS 1
  BUFFER_POOL DEFAULT FLASH_CACHE DEFAULT CELL_FLASH_CACHE DEFAULT)
  TABLESPACE "APEX_1800792059187979"
Error report -
ORA-00959: tablespace 'APEX_1800792059187979' does not exist
00959. 00000 -  "tablespace '%s' does not exist"
*Cause:    
*Action:
######## END ERROR SUMMARY ##################
d_bars_table.xml::76c05ab17f57d015b354359518197a7087bc626a::(CRAFTSHARP)-Generated

Error starting at line : 1 in command -
CREATE TABLE "D_BARS"
   (	"ID" NUMBER GENERATED BY DEFAULT ON NULL AS IDENTITY
 MINVALUE 1 MAXVALUE 9999999999999999999999999999 INCREMENT BY 1 START WITH 21 CACHE 20 NOORDER NOCYCLE NOKEEP NOT NULL ENABLE,
	"INSTRUMENT_ID" NUMBER,
	"T" TIMESTAMP(6),
	"BID" NUMBER,
	"ASK" NUMBER,
	"VOLUME" NUMBER,
	"OPEN" NUMBER,
	"HIGH" NUMBER,
	"LOW" NUMBER,
	"CLOSE" NUMBER,
	"VWAP" NUMBER,
	CONSTRAINT "D_CRAFTSHARP_D_BARS_ID_PK" PRIMARY KEY ("ID")
  USING INDEX
  PCTFREE 10 INITRANS 2 MAXTRANS 255 LOGGING
  STORAGE(INITIAL 65536 NEXT 1048576 MINEXTENTS 1 MAXEXTENTS 2147483645
  PCTINCREASE 0 FREELISTS 1 FREELIST GROUPS 1 BUFFER_POOL DEFAULT FLASH_CACHE DEFAULT CELL_FLASH_CACHE DEFAULT)
  TABLESPACE "APEX_1800792059187979"  ENABLE
   ) SEGMENT CREATION IMMEDIATE
  PCTFREE 0 PCTUSED 40 INITRANS 1 COMPRESS BASIC LOGGING
  STORAGE( INITIAL 65536 NEXT 1048576 MINEXTENTS 1 MAXEXTENTS 2147483645
  PCTINCREASE 0 FREELISTS 1 FREELIST GROUPS 1
  BUFFER_POOL DEFAULT FLASH_CACHE DEFAULT CELL_FLASH_CACHE DEFAULT)
  TABLESPACE "APEX_1800792059187979"
Error report -
ORA-00959: tablespace 'APEX_1800792059187979' does not exist
00959. 00000 -  "tablespace '%s' does not exist"
*Cause:    
*Action:
######## END ERROR SUMMARY ##################
eba_demo_chart_products_table.xml::f2307363f2e3e538a02f2432470dc0d75c283fa6::(CRAFTSHARP)-Generated

Error starting at line : 1 in command -
CREATE TABLE "EBA_DEMO_CHART_PRODUCTS"
   (	"PRODUCT_ID" NUMBER NOT NULL ENABLE,
	"PRODUCT_NAME" VARCHAR2(50),
	"PRODUCT_DESCRIPTION" VARCHAR2(2000),
	"LIST_PRICE" NUMBER(8,2),
	"CREATED" TIMESTAMP (6) WITH TIME ZONE,
	"CREATED_BY" VARCHAR2(255),
	"UPDATED" TIMESTAMP (6) WITH TIME ZONE,
	"UPDATED_BY" VARCHAR2(255),
	CONSTRAINT "EBA_DEMO_CHART_PROD_PK" PRIMARY KEY ("PRODUCT_ID")
  USING INDEX
  PCTFREE 10 INITRANS 2 MAXTRANS 255 LOGGING
  STORAGE(INITIAL 65536 NEXT 1048576 MINEXTENTS 1 MAXEXTENTS 2147483645
  PCTINCREASE 0 FREELISTS 1 FREELIST GROUPS 1 BUFFER_POOL DEFAULT FLASH_CACHE DEFAULT CELL_FLASH_CACHE DEFAULT)
  TABLESPACE "APEX_1800792059187979"  ENABLE
   ) SEGMENT CREATION IMMEDIATE
  PCTFREE 10 PCTUSED 40 INITRANS 1 NOCOMPRESS LOGGING
  STORAGE( INITIAL 65536 NEXT 1048576 MINEXTENTS 1 MAXEXTENTS 2147483645
  PCTINCREASE 0 FREELISTS 1 FREELIST GROUPS 1
  BUFFER_POOL DEFAULT FLASH_CACHE DEFAULT CELL_FLASH_CACHE DEFAULT)
  TABLESPACE "APEX_1800792059187979"
Error report -
ORA-00959: tablespace 'APEX_1800792059187979' does not exist
00959. 00000 -  "tablespace '%s' does not exist"
*Cause:    
*Action:
######## END ERROR SUMMARY ##################
eba_demo_chart_tasks_table.xml::bdf32e3f998d4a79954e80e722feb462c2ee3d00::(CRAFTSHARP)-Generated

Error starting at line : 1 in command -
CREATE TABLE "EBA_DEMO_CHART_TASKS"
   (	"ID" NUMBER NOT NULL ENABLE,
	"PROJECT" NUMBER,
	"PARENT_TASK" NUMBER,
	"TASK_NAME" VARCHAR2(255),
	"ROW_VERSION_NUMBER" NUMBER,
	"START_DATE" DATE,
	"END_DATE" DATE,
	"STATUS" VARCHAR2(30),
	"ASSIGNED_TO" VARCHAR2(30),
	"COST" NUMBER,
	"BUDGET" NUMBER,
	"CREATED" TIMESTAMP (6) WITH TIME ZONE,
	"CREATED_BY" VARCHAR2(255),
	"UPDATED" TIMESTAMP (6) WITH TIME ZONE,
	"UPDATED_BY" VARCHAR2(255),
	CONSTRAINT "EBA_DEMO_CHART_TASKS_PK" PRIMARY KEY ("ID")
  USING INDEX
  PCTFREE 10 INITRANS 2 MAXTRANS 255 LOGGING
  STORAGE(INITIAL 65536 NEXT 1048576 MINEXTENTS 1 MAXEXTENTS 2147483645
  PCTINCREASE 0 FREELISTS 1 FREELIST GROUPS 1 BUFFER_POOL DEFAULT FLASH_CACHE DEFAULT CELL_FLASH_CACHE DEFAULT)
  TABLESPACE "APEX_1800792059187979"  ENABLE
   ) SEGMENT CREATION IMMEDIATE
  PCTFREE 10 PCTUSED 40 INITRANS 1 NOCOMPRESS LOGGING
  STORAGE( INITIAL 65536 NEXT 1048576 MINEXTENTS 1 MAXEXTENTS 2147483645
  PCTINCREASE 0 FREELISTS 1 FREELIST GROUPS 1
  BUFFER_POOL DEFAULT FLASH_CACHE DEFAULT CELL_FLASH_CACHE DEFAULT)
  TABLESPACE "APEX_1800792059187979"
Error report -
ORA-00959: tablespace 'APEX_1800792059187979' does not exist
00959. 00000 -  "tablespace '%s' does not exist"
*Cause:    
*Action:
######## END ERROR SUMMARY ##################
btcusd_table.xml::4e1fc5c337e67480ad9e5623155480ffeb17b204::(CRAFTSHARP)-Generated

Error starting at line : 1 in command -
CREATE TABLE "BTCUSD"
   (	"ID" NUMBER GENERATED BY DEFAULT ON NULL AS IDENTITY
 MINVALUE 1 MAXVALUE 9999999999999999999999999999 INCREMENT BY 1 START WITH 1801 CACHE 20 NOORDER NOCYCLE NOKEEP NOT NULL ENABLE,
	"DATE_" VARCHAR2(50),
	"OPEN" NUMBER,
	"HIGH" NUMBER,
	"LOW" NUMBER,
	"CLOSE" NUMBER,
	"VOLUME__BTC_" NUMBER,
	"VOLUME__CURRENCY_" NUMBER,
	"WEIGHTED_PRICE" NUMBER,
	PRIMARY KEY ("ID")
  USING INDEX
  PCTFREE 10 INITRANS 2 MAXTRANS 255 LOGGING
  STORAGE(INITIAL 65536 NEXT 1048576 MINEXTENTS 1 MAXEXTENTS 2147483645
  PCTINCREASE 0 FREELISTS 1 FREELIST GROUPS 1 BUFFER_POOL DEFAULT FLASH_CACHE DEFAULT CELL_FLASH_CACHE DEFAULT)
  TABLESPACE "APEX_1800792059187979"  ENABLE
   ) SEGMENT CREATION IMMEDIATE
  PCTFREE 10 PCTUSED 40 INITRANS 1 NOCOMPRESS LOGGING
  STORAGE( INITIAL 65536 NEXT 1048576 MINEXTENTS 1 MAXEXTENTS 2147483645
  PCTINCREASE 0 FREELISTS 1 FREELIST GROUPS 1
  BUFFER_POOL DEFAULT FLASH_CACHE DEFAULT CELL_FLASH_CACHE DEFAULT)
  TABLESPACE "APEX_1800792059187979"
Error report -
ORA-00959: tablespace 'APEX_1800792059187979' does not exist
00959. 00000 -  "tablespace '%s' does not exist"
*Cause:    
*Action:
######## END ERROR SUMMARY ##################
eba_demo_chart_bball_table.xml::378ace829ab9313fc21f4c3d92405ce927ac5eda::(CRAFTSHARP)-Generated

Error starting at line : 1 in command -
CREATE TABLE "EBA_DEMO_CHART_BBALL"
   (	"ID" NUMBER NOT NULL ENABLE,
	"CITY" VARCHAR2(20),
	"TEAM" VARCHAR2(30),
	"CONFERENCE" VARCHAR2(5),
	"WINS" NUMBER,
	"CREATED" TIMESTAMP (6) WITH TIME ZONE,
	"CREATED_BY" VARCHAR2(255),
	"UPDATED" TIMESTAMP (6) WITH TIME ZONE,
	"UPDATED_BY" VARCHAR2(255),
	CONSTRAINT "EBA_DEMO_CHART_BBALL_PK" PRIMARY KEY ("ID")
  USING INDEX
  PCTFREE 10 INITRANS 2 MAXTRANS 255 LOGGING
  STORAGE(INITIAL 65536 NEXT 1048576 MINEXTENTS 1 MAXEXTENTS 2147483645
  PCTINCREASE 0 FREELISTS 1 FREELIST GROUPS 1 BUFFER_POOL DEFAULT FLASH_CACHE DEFAULT CELL_FLASH_CACHE DEFAULT)
  TABLESPACE "APEX_1800792059187979"  ENABLE
   ) SEGMENT CREATION IMMEDIATE
  PCTFREE 10 PCTUSED 40 INITRANS 1 NOCOMPRESS LOGGING
  STORAGE( INITIAL 65536 NEXT 1048576 MINEXTENTS 1 MAXEXTENTS 2147483645
  PCTINCREASE 0 FREELISTS 1 FREELIST GROUPS 1
  BUFFER_POOL DEFAULT FLASH_CACHE DEFAULT CELL_FLASH_CACHE DEFAULT)
  TABLESPACE "APEX_1800792059187979"
Error report -
ORA-00959: tablespace 'APEX_1800792059187979' does not exist
00959. 00000 -  "tablespace '%s' does not exist"
*Cause:    
*Action:
######## END ERROR SUMMARY ##################
eba_demo_chart_stats_table.xml::548313e1f7534c41c7f99f7c4e74a9317341a6d0::(CRAFTSHARP)-Generated

Error starting at line : 1 in command -
CREATE TABLE "EBA_DEMO_CHART_STATS"
   (	"ID" NUMBER NOT NULL ENABLE,
	"NAME" VARCHAR2(2),
	"COUNTRY" VARCHAR2(30),
	"EMPLOYEE" NUMBER,
	"EMPLOYER" NUMBER,
	"TOTAL" NUMBER,
	"CREATED" TIMESTAMP (6) WITH TIME ZONE,
	"CREATED_BY" VARCHAR2(255),
	"UPDATED" TIMESTAMP (6) WITH TIME ZONE,
	"UPDATED_BY" VARCHAR2(255),
	CONSTRAINT "EBA_DEMO_CHART_STATS_PK" PRIMARY KEY ("ID")
  USING INDEX
  PCTFREE 10 INITRANS 2 MAXTRANS 255 LOGGING
  STORAGE(INITIAL 65536 NEXT 1048576 MINEXTENTS 1 MAXEXTENTS 2147483645
  PCTINCREASE 0 FREELISTS 1 FREELIST GROUPS 1 BUFFER_POOL DEFAULT FLASH_CACHE DEFAULT CELL_FLASH_CACHE DEFAULT)
  TABLESPACE "APEX_1800792059187979"  ENABLE
   ) SEGMENT CREATION IMMEDIATE
  PCTFREE 10 PCTUSED 40 INITRANS 1 NOCOMPRESS LOGGING
  STORAGE( INITIAL 65536 NEXT 1048576 MINEXTENTS 1 MAXEXTENTS 2147483645
  PCTINCREASE 0 FREELISTS 1 FREELIST GROUPS 1
  BUFFER_POOL DEFAULT FLASH_CACHE DEFAULT CELL_FLASH_CACHE DEFAULT)
  TABLESPACE "APEX_1800792059187979"
Error report -
ORA-00959: tablespace 'APEX_1800792059187979' does not exist
00959. 00000 -  "tablespace '%s' does not exist"
*Cause:    
*Action:
######## END ERROR SUMMARY ##################
eba_demo_chart_stocks_table.xml::d9db28e61b182ba8d73f8b4be3a178f7a93e136b::(CRAFTSHARP)-Generated

Error starting at line : 1 in command -
CREATE TABLE "EBA_DEMO_CHART_STOCKS"
   (	"ID" NUMBER NOT NULL ENABLE,
	"ROW_VERSION_NUMBER" NUMBER,
	"STOCK_CODE" VARCHAR2(4),
	"STOCK_NAME" VARCHAR2(130),
	"PRICING_DATE" DATE,
	"PRICING_TIMESTAMP" TIMESTAMP(6),
	"PRICING_TIMESTAMP_TZ" TIMESTAMP (6) WITH TIME ZONE,
	"OPENING_VAL" NUMBER,
	"HIGH" NUMBER,
	"LOW" NUMBER,
	"CLOSING_VAL" NUMBER,
	"VOLUME" NUMBER,
	"CREATED" TIMESTAMP (6) WITH TIME ZONE,
	"CREATED_BY" VARCHAR2(255),
	"UPDATED" TIMESTAMP (6) WITH TIME ZONE,
	"UPDATED_BY" VARCHAR2(255),
	CONSTRAINT "EBA_DEMO_CHART_STOCKS_PK" PRIMARY KEY ("ID")
  USING INDEX
  PCTFREE 10 INITRANS 2 MAXTRANS 255 LOGGING
  STORAGE(INITIAL 65536 NEXT 1048576 MINEXTENTS 1 MAXEXTENTS 2147483645
  PCTINCREASE 0 FREELISTS 1 FREELIST GROUPS 1 BUFFER_POOL DEFAULT FLASH_CACHE DEFAULT CELL_FLASH_CACHE DEFAULT)
  TABLESPACE "APEX_1800792059187979"  ENABLE
   ) SEGMENT CREATION IMMEDIATE
  PCTFREE 10 PCTUSED 40 INITRANS 1 NOCOMPRESS LOGGING
  STORAGE( INITIAL 65536 NEXT 1048576 MINEXTENTS 1 MAXEXTENTS 2147483645
  PCTINCREASE 0 FREELISTS 1 FREELIST GROUPS 1
  BUFFER_POOL DEFAULT FLASH_CACHE DEFAULT CELL_FLASH_CACHE DEFAULT)
  TABLESPACE "APEX_1800792059187979"
Error report -
ORA-00959: tablespace 'APEX_1800792059187979' does not exist
00959. 00000 -  "tablespace '%s' does not exist"
*Cause:    
*Action:
######## END ERROR SUMMARY ##################
eba_demo_chart_dept_table.xml::cfbffebe43ddcfc33c2435b7d56a47af2d931990::(CRAFTSHARP)-Generated

Error starting at line : 1 in command -
CREATE TABLE "EBA_DEMO_CHART_DEPT"
   (	"DEPTNO" NUMBER(2,0) NOT NULL ENABLE,
	"DNAME" VARCHAR2(14),
	"LOC" VARCHAR2(13),
	CONSTRAINT "EBA_DEMO_CHART_DEPT_PK" PRIMARY KEY ("DEPTNO")
  USING INDEX
  PCTFREE 10 INITRANS 2 MAXTRANS 255 LOGGING
  STORAGE(INITIAL 65536 NEXT 1048576 MINEXTENTS 1 MAXEXTENTS 2147483645
  PCTINCREASE 0 FREELISTS 1 FREELIST GROUPS 1 BUFFER_POOL DEFAULT FLASH_CACHE DEFAULT CELL_FLASH_CACHE DEFAULT)
  TABLESPACE "APEX_1800792059187979"  ENABLE
   ) SEGMENT CREATION IMMEDIATE
  PCTFREE 10 PCTUSED 40 INITRANS 1 NOCOMPRESS LOGGING
  STORAGE( INITIAL 65536 NEXT 1048576 MINEXTENTS 1 MAXEXTENTS 2147483645
  PCTINCREASE 0 FREELISTS 1 FREELIST GROUPS 1
  BUFFER_POOL DEFAULT FLASH_CACHE DEFAULT CELL_FLASH_CACHE DEFAULT)
  TABLESPACE "APEX_1800792059187979"
Error report -
ORA-00959: tablespace 'APEX_1800792059187979' does not exist
00959. 00000 -  "tablespace '%s' does not exist"
*Cause:    
*Action:
######## END ERROR SUMMARY ##################
emp_table.xml::de4d369c6776899f15b543297511c4b2e7c21a79::(CRAFTSHARP)-Generated

Error starting at line : 1 in command -
CREATE TABLE "EMP"
   (	"EMPNO" NUMBER(4,0) NOT NULL ENABLE,
	"ENAME" VARCHAR2(10),
	"JOB" VARCHAR2(9),
	"MGR" NUMBER(4,0),
	"HIREDATE" DATE,
	"SAL" NUMBER(7,2),
	"COMM" NUMBER(7,2),
	"DEPTNO" NUMBER(2,0),
	PRIMARY KEY ("EMPNO")
  USING INDEX
  PCTFREE 10 INITRANS 2 MAXTRANS 255 LOGGING
  STORAGE(INITIAL 65536 NEXT 1048576 MINEXTENTS 1 MAXEXTENTS 2147483645
  PCTINCREASE 0 FREELISTS 1 FREELIST GROUPS 1 BUFFER_POOL DEFAULT FLASH_CACHE DEFAULT CELL_FLASH_CACHE DEFAULT)
  TABLESPACE "APEX_1800792059187979"  ENABLE
   ) SEGMENT CREATION IMMEDIATE
  PCTFREE 10 PCTUSED 40 INITRANS 1 NOCOMPRESS LOGGING
  STORAGE( INITIAL 65536 NEXT 1048576 MINEXTENTS 1 MAXEXTENTS 2147483645
  PCTINCREASE 0 FREELISTS 1 FREELIST GROUPS 1
  BUFFER_POOL DEFAULT FLASH_CACHE DEFAULT CELL_FLASH_CACHE DEFAULT)
  TABLESPACE "APEX_1800792059187979"
Error report -
ORA-00959: tablespace 'APEX_1800792059187979' does not exist
00959. 00000 -  "tablespace '%s' does not exist"
*Cause:    
*Action:
######## END ERROR SUMMARY ##################
example_table_table.xml::4c34968744ac425a4e7023888bc29502db51acc0::(CRAFTSHARP)-Generated

Error starting at line : 1 in command -
CREATE TABLE "EXAMPLE_TABLE"
   (	"LDATETIME" VARCHAR2(40),
	"L_OPEN" NUMBER(8,0),
	"L_HIGH" NUMBER(8,0),
	"L_LOW" NUMBER(8,0),
	"L_CLOSE" NUMBER(8,0),
	"L_VOLUME" NUMBER(8,0)
   ) ORGANIZATION EXTERNAL
  ( TYPE ORACLE_LOADER
    DEFAULT DIRECTORY "EXT"
    ACCESS PARAMETERS
    ( RECORDS DELIMITED BY NEWLINE
    FIELDS TERMINATED BY ','
  )
    LOCATION
    ( 'aml.ax.csv'
    )
  )
Error report -
ORA-06564: object EXT does not exist
06564. 00000 -  "object %s does not exist"
*Cause:    The named object could not be found.  Either it does not exist
           or you do not have permission to access it.
*Action:   Create the object or get permission to access it.
######## END ERROR SUMMARY ##################
btcusd_err$_table.xml::4a7b84fbc3546c46b15e680433ce884bffab2256::(CRAFTSHARP)-Generated

Error starting at line : 1 in command -
CREATE TABLE "BTCUSD_ERR$"
   (	"ORA_ERR_NUMBER$" NUMBER,
	"ORA_ERR_MESG$" VARCHAR2(2000),
	"ORA_ERR_ROWID$" UROWID(4000),
	"ORA_ERR_OPTYP$" VARCHAR2(2),
	"ORA_ERR_TAG$" VARCHAR2(2000),
	"ID" VARCHAR2(4000),
	"DATE_" VARCHAR2(4000),
	"OPEN" VARCHAR2(4000),
	"HIGH" VARCHAR2(4000),
	"LOW" VARCHAR2(4000),
	"CLOSE" VARCHAR2(4000),
	"VOLUME__BTC_" VARCHAR2(4000),
	"VOLUME__CURRENCY_" VARCHAR2(4000),
	"WEIGHTED_PRICE" VARCHAR2(4000)
   ) SEGMENT CREATION IMMEDIATE
  PCTFREE 10 PCTUSED 40 INITRANS 1 NOCOMPRESS LOGGING
  STORAGE( INITIAL 65536 NEXT 1048576 MINEXTENTS 1 MAXEXTENTS 2147483645
  PCTINCREASE 0 FREELISTS 1 FREELIST GROUPS 1
  BUFFER_POOL DEFAULT FLASH_CACHE DEFAULT CELL_FLASH_CACHE DEFAULT)
  TABLESPACE "APEX_1800792059187979"
Error report -
ORA-00959: tablespace 'APEX_1800792059187979' does not exist
00959. 00000 -  "tablespace '%s' does not exist"
*Cause:    
*Action:
######## END ERROR SUMMARY ##################
dept_table.xml::bf79310fdc5d8a30d5393e57e9e97466333a6a67::(CRAFTSHARP)-Generated

Error starting at line : 1 in command -
CREATE TABLE "DEPT"
   (	"DEPTNO" NUMBER(2,0),
	"DNAME" VARCHAR2(14),
	"LOC" VARCHAR2(13),
	PRIMARY KEY ("DEPTNO")
  USING INDEX
  PCTFREE 10 INITRANS 2 MAXTRANS 255 LOGGING
  STORAGE(INITIAL 65536 NEXT 1048576 MINEXTENTS 1 MAXEXTENTS 2147483645
  PCTINCREASE 0 FREELISTS 1 FREELIST GROUPS 1 BUFFER_POOL DEFAULT FLASH_CACHE DEFAULT CELL_FLASH_CACHE DEFAULT)
  TABLESPACE "APEX_1800792059187979"  ENABLE
   ) SEGMENT CREATION IMMEDIATE
  PCTFREE 10 PCTUSED 40 INITRANS 1 NOCOMPRESS LOGGING
  STORAGE( INITIAL 65536 NEXT 1048576 MINEXTENTS 1 MAXEXTENTS 2147483645
  PCTINCREASE 0 FREELISTS 1 FREELIST GROUPS 1
  BUFFER_POOL DEFAULT FLASH_CACHE DEFAULT CELL_FLASH_CACHE DEFAULT)
  TABLESPACE "APEX_1800792059187979"
Error report -
ORA-00959: tablespace 'APEX_1800792059187979' does not exist
00959. 00000 -  "tablespace '%s' does not exist"
*Cause:    
*Action:
######## END ERROR SUMMARY ##################
d_instruments_table.xml::322d1f8f194536eb14893e7675b2d5e0604b7489::(CRAFTSHARP)-Generated

Error starting at line : 1 in command -
CREATE TABLE "D_INSTRUMENTS"
   (	"ID" NUMBER GENERATED BY DEFAULT ON NULL AS IDENTITY
 MINVALUE 1 MAXVALUE 9999999999999999999999999999 INCREMENT BY 1 START WITH 1 CACHE 20 NOORDER NOCYCLE NOKEEP NOT NULL ENABLE,
	"KEY" VARCHAR2(4000 CHAR) NOT NULL ENABLE,
	"CATEGORY" VARCHAR2(4000 CHAR),
	"CURRENCY" VARCHAR2(4000 CHAR),
	"WHEN" DATE,
	CONSTRAINT "D_CRAFTSHARP_D_INSTR_ID_PK" PRIMARY KEY ("ID")
  USING INDEX
  PCTFREE 10 INITRANS 2 MAXTRANS 255 LOGGING
  STORAGE(INITIAL 65536 NEXT 1048576 MINEXTENTS 1 MAXEXTENTS 2147483645
  PCTINCREASE 0 FREELISTS 1 FREELIST GROUPS 1 BUFFER_POOL DEFAULT FLASH_CACHE DEFAULT CELL_FLASH_CACHE DEFAULT)
  TABLESPACE "APEX_1800792059187979"  ENABLE
   ) SEGMENT CREATION IMMEDIATE
  PCTFREE 0 PCTUSED 40 INITRANS 1 COMPRESS BASIC LOGGING
  STORAGE( INITIAL 65536 NEXT 1048576 MINEXTENTS 1 MAXEXTENTS 2147483645
  PCTINCREASE 0 FREELISTS 1 FREELIST GROUPS 1
  BUFFER_POOL DEFAULT FLASH_CACHE DEFAULT CELL_FLASH_CACHE DEFAULT)
  TABLESPACE "APEX_1800792059187979"
Error report -
ORA-00959: tablespace 'APEX_1800792059187979' does not exist
00959. 00000 -  "tablespace '%s' does not exist"
*Cause:    
*Action:
######## END ERROR SUMMARY ##################
eba_demo_card_dept_table.xml::9621e6665dbb949f596b2ef91fab7c37a219c045::(CRAFTSHARP)-Generated

Error starting at line : 1 in command -
CREATE TABLE "EBA_DEMO_CARD_DEPT"
   (	"DEPTNO" NUMBER NOT NULL ENABLE,
	"DNAME" VARCHAR2(50),
	"LOC" VARCHAR2(255),
	CONSTRAINT "EBA_DEMO_CARD_DEPT_PK" PRIMARY KEY ("DEPTNO")
  USING INDEX
  PCTFREE 10 INITRANS 2 MAXTRANS 255 LOGGING
  STORAGE(INITIAL 65536 NEXT 1048576 MINEXTENTS 1 MAXEXTENTS 2147483645
  PCTINCREASE 0 FREELISTS 1 FREELIST GROUPS 1 BUFFER_POOL DEFAULT FLASH_CACHE DEFAULT CELL_FLASH_CACHE DEFAULT)
  TABLESPACE "APEX_1800792059187979"  ENABLE
   ) SEGMENT CREATION IMMEDIATE
  PCTFREE 10 PCTUSED 40 INITRANS 1 NOCOMPRESS LOGGING
  STORAGE( INITIAL 65536 NEXT 1048576 MINEXTENTS 1 MAXEXTENTS 2147483645
  PCTINCREASE 0 FREELISTS 1 FREELIST GROUPS 1
  BUFFER_POOL DEFAULT FLASH_CACHE DEFAULT CELL_FLASH_CACHE DEFAULT)
  TABLESPACE "APEX_1800792059187979"
Error report -
ORA-00959: tablespace 'APEX_1800792059187979' does not exist
00959. 00000 -  "tablespace '%s' does not exist"
*Cause:    
*Action:
######## END ERROR SUMMARY ##################
instrument_table.xml::84c946859da69d91eb6664df6b45e8adf3e7fb39::(CRAFTSHARP)-Generated

Error starting at line : 1 in command -
CREATE TABLE "INSTRUMENT"
   (	"ID" VARCHAR2(4000),
	"NAME" VARCHAR2(4000),
	"NEWS" NUMBER,
	"TYPE" VARCHAR2(4000),
	"BOUGHT" NUMBER,
	"PERIOD" VARCHAR2(4000),
	"SECTOR" VARCHAR2(4000),
	"STATUS" VARCHAR2(4000),
	"SYMBOL" VARCHAR2(4000) NOT NULL ENABLE,
	"VIEWED" NUMBER,
	"WATCHED" NUMBER,
	"CATEGORY" VARCHAR2(4000),
	"URLIMAGE" VARCHAR2(4000),
	"CURRENCYID" VARCHAR2(4000),
	"LASTTRADED" NUMBER,
	"POPULARITY" NUMBER,
	"DAILYRETURN" NUMBER,
	"DESCRIPTION" VARCHAR2(4000),
	"ENCODEDNAME" VARCHAR2(4000),
	"PRODUCTTYPE" VARCHAR2(4000),
	"INCEPTIONDATE" DATE,
	"MONTHLYRETURN" NUMBER,
	"INSTRUMENTTYPEID" VARCHAR2(4000),
	"YEARLYRETURNVALUE" NUMBER,
	"DAILYRETURNPERCENTAGE" NUMBER,
	"YEARLYRETURNPERCENTAGE" NUMBER,
	"APEX$SYNC_STEP_STATIC_ID" VARCHAR2(255),
	"APEX$ROW_SYNC_TIMESTAMP" TIMESTAMP (6) WITH TIME ZONE,
	CONSTRAINT "INSTRUMENT_PK" PRIMARY KEY ("SYMBOL")
  USING INDEX
  PCTFREE 10 INITRANS 2 MAXTRANS 167 LOGGING
  STORAGE(INITIAL 65536 NEXT 1048576 MINEXTENTS 1 MAXEXTENTS 2147483645
  PCTINCREASE 0 FREELISTS 1 FREELIST GROUPS 1 BUFFER_POOL DEFAULT FLASH_CACHE DEFAULT CELL_FLASH_CACHE DEFAULT)
  TABLESPACE "APEX_1800792059187979"  ENABLE
   ) SEGMENT CREATION IMMEDIATE
  PCTFREE 10 PCTUSED 40 INITRANS 1 NOCOMPRESS LOGGING
  STORAGE( INITIAL 65536 NEXT 1048576 MINEXTENTS 1 MAXEXTENTS 2147483645
  PCTINCREASE 0 FREELISTS 1 FREELIST GROUPS 1
  BUFFER_POOL DEFAULT FLASH_CACHE DEFAULT CELL_FLASH_CACHE DEFAULT)
  TABLESPACE "APEX_1800792059187979"
Error report -
ORA-00959: tablespace 'APEX_1800792059187979' does not exist
00959. 00000 -  "tablespace '%s' does not exist"
*Cause:    
*Action:
######## END ERROR SUMMARY ##################
eba_demo_chart_sample_data_table.xml::43bac8fda6166383d8bd24ace8ca00f6cd039689::(CRAFTSHARP)-Generated

Error starting at line : 1 in command -
CREATE TABLE "EBA_DEMO_CHART_SAMPLE_DATA"
   (	"ID" NUMBER NOT NULL ENABLE,
	"SAMPLE_ID" NUMBER,
	"RESPONSE" NUMBER,
	"CREATED" TIMESTAMP (6) WITH TIME ZONE,
	"CREATED_BY" VARCHAR2(255),
	"UPDATED" TIMESTAMP (6) WITH TIME ZONE,
	"UPDATED_BY" VARCHAR2(255),
	CONSTRAINT "EBA_DEMO_SAMPLE_DATA_PK" PRIMARY KEY ("ID")
  USING INDEX
  PCTFREE 10 INITRANS 2 MAXTRANS 255 LOGGING
  STORAGE(INITIAL 65536 NEXT 1048576 MINEXTENTS 1 MAXEXTENTS 2147483645
  PCTINCREASE 0 FREELISTS 1 FREELIST GROUPS 1 BUFFER_POOL DEFAULT FLASH_CACHE DEFAULT CELL_FLASH_CACHE DEFAULT)
  TABLESPACE "APEX_1800792059187979"  ENABLE
   ) SEGMENT CREATION IMMEDIATE
  PCTFREE 10 PCTUSED 40 INITRANS 1 NOCOMPRESS LOGGING
  STORAGE( INITIAL 65536 NEXT 1048576 MINEXTENTS 1 MAXEXTENTS 2147483645
  PCTINCREASE 0 FREELISTS 1 FREELIST GROUPS 1
  BUFFER_POOL DEFAULT FLASH_CACHE DEFAULT CELL_FLASH_CACHE DEFAULT)
  TABLESPACE "APEX_1800792059187979"
Error report -
ORA-00959: tablespace 'APEX_1800792059187979' does not exist
00959. 00000 -  "tablespace '%s' does not exist"
*Cause:    
*Action:
######## END ERROR SUMMARY ##################
eba_demo_chart_sample_names_table.xml::af28fea3fecff3d969eb1e742899ea07d8ee3521::(CRAFTSHARP)-Generated

Error starting at line : 1 in command -
CREATE TABLE "EBA_DEMO_CHART_SAMPLE_NAMES"
   (	"ID" NUMBER NOT NULL ENABLE,
	"SAMPLE_NAME" VARCHAR2(30) NOT NULL ENABLE,
	"SAMPLE_DATE" DATE,
	"CREATED" TIMESTAMP (6) WITH TIME ZONE,
	"CREATED_BY" VARCHAR2(255),
	"UPDATED" TIMESTAMP (6) WITH TIME ZONE,
	"UPDATED_BY" VARCHAR2(255),
	CONSTRAINT "EBA_DEMO_SAMPLES_PK" PRIMARY KEY ("ID")
  USING INDEX
  PCTFREE 10 INITRANS 2 MAXTRANS 255 LOGGING
  STORAGE(INITIAL 65536 NEXT 1048576 MINEXTENTS 1 MAXEXTENTS 2147483645
  PCTINCREASE 0 FREELISTS 1 FREELIST GROUPS 1 BUFFER_POOL DEFAULT FLASH_CACHE DEFAULT CELL_FLASH_CACHE DEFAULT)
  TABLESPACE "APEX_1800792059187979"  ENABLE
   ) SEGMENT CREATION IMMEDIATE
  PCTFREE 10 PCTUSED 40 INITRANS 1 NOCOMPRESS LOGGING
  STORAGE( INITIAL 65536 NEXT 1048576 MINEXTENTS 1 MAXEXTENTS 2147483645
  PCTINCREASE 0 FREELISTS 1 FREELIST GROUPS 1
  BUFFER_POOL DEFAULT FLASH_CACHE DEFAULT CELL_FLASH_CACHE DEFAULT)
  TABLESPACE "APEX_1800792059187979"
Error report -
ORA-00959: tablespace 'APEX_1800792059187979' does not exist
00959. 00000 -  "tablespace '%s' does not exist"
*Cause:    
*Action:
######## END ERROR SUMMARY ##################
financials_table.xml::6e3afbcaec12708d64838b1e6847b1f4ccd84828::(CRAFTSHARP)-Generated

Error starting at line : 1 in command -
CREATE TABLE "FINANCIALS"
   (	"DEBT" NUMBER,
	"ASSETS" NUMBER,
	"PERIOD" VARCHAR2(4000),
	"SHARES" NUMBER,
	"TICKER" VARCHAR2(4000),
	"DATEKEY" DATE,
	"DEBTUSD" NUMBER,
	"UPDATED" DATE,
	"DEPOSITS" NUMBER,
	"REVENUES" NUMBER,
	"INVENTORY" NUMBER,
	"NETINCOME" NUMBER,
	"TAXASSETS" NUMBER,
	"PRICESALES" NUMBER,
	"DEBTCURRENT" NUMBER,
	"GROSSMARGIN" NUMBER,
	"GROSSPROFIT" NUMBER,
	"INVESTMENTS" NUMBER,
	"NETCASHFLOW" NUMBER,
	"PAYOUTRATIO" NUMBER,
	"REVENUESUSD" NUMBER,
	"SHAREFACTOR" NUMBER,
	"EBITDAMARGIN" NUMBER,
	"CALENDARDATE" DATE,
	"CURRENTRATIO" NUMBER,
	"FREECASHFLOW" NUMBER,
	"PROFITMARGIN" NUMBER,
	"REPORTPERIOD" DATE,
	"ASSETTURNOVER" NUMBER,
	"ASSETSAVERAGE" NUMBER,
	"ASSETSCURRENT" NUMBER,
	"AVERAGEEQUITY" NUMBER,
	"COSTOFREVENUE" NUMBER,
	"DIVIDENDYIELD" NUMBER,
	"PRICEEARNINGS" NUMBER,
	"RETURNONSALES" NUMBER,
	"SALESPERSHARE" NUMBER,
	"DEBTNONCURRENT" NUMBER,
	"TAXLIABILITIES" NUMBER,
	"WORKINGCAPITAL" NUMBER,
	"DEFERREDREVENUE" NUMBER,
	"ENTERPRISEVALUE" NUMBER,
	"INTERESTEXPENSE" NUMBER,
	"INVESTEDCAPITAL" NUMBER,
	"OPERATINGINCOME" NUMBER,
	"ASSETSNONCURRENT" NUMBER,
	"INCOMETAXEXPENSE" NUMBER,
	"PRICETOBOOKVALUE" NUMBER,
	"TOTALLIABILITIES" NUMBER,
	"BOOKVALUEPERSHARE" NUMBER,
	"DEBTTOEQUITYRATIO" NUMBER,
	"EARNINGSBEFORETAX" NUMBER,
	"OPERATINGEXPENSES" NUMBER,
	"PRICETOSALESRATIO" NUMBER,
	"CAPITALEXPENDITURE" NUMBER,
	"CASHANDEQUIVALENTS" NUMBER,
	"CONSOLIDATEDINCOME" NUMBER,
	"CURRENTLIABILITIES" NUMBER,
	"INVESTMENTSCURRENT" NUMBER,
	"SHAREHOLDERSEQUITY" NUMBER,
	"TANGIBLEASSETVALUE" NUMBER,
	"FREECASHFLOWPERSHARE" NUMBER,
	"ISSUANCEEQUITYSHARES" NUMBER,
	"MARKETCAPITALIZATION" NUMBER,
	"NETINCOMECOMMONSTOCK" NUMBER,
	"PRICETOEARNINGSRATIO" NUMBER,
	"CASHANDEQUIVALENTSUSD" NUMBER,
	"EARNINGSPERBASICSHARE" NUMBER,
	"INVESTMENTSNONCURRENT" NUMBER,
	"LIABILITIESNONCURRENT" NUMBER,
	"RETURNONAVERAGEASSETS" NUMBER,
	"RETURNONAVERAGEEQUITY" NUMBER,
	"SHAREHOLDERSEQUITYUSD" NUMBER,
	"WEIGHTEDAVERAGESHARES" NUMBER,
	"INVESTEDCAPITALAVERAGE" NUMBER,
	"ISSUANCEDEBTSECURITIES" NUMBER,
	"SHAREBASEDCOMPENSATION" NUMBER,
	"EARNINGSPERDILUTEDSHARE" NUMBER,
	"ENTERPRISEVALUEOVEREBIT" NUMBER,
	"NETINCOMECOMMONSTOCKUSD" NUMBER,
	"RETURNONINVESTEDCAPITAL" NUMBER,
	"SHAREPRICEADJUSTEDCLOSE" NUMBER,
	"EARNINGSPERBASICSHAREUSD" NUMBER,
	"NETCASHFLOWFROMFINANCING" NUMBER,
	"NETCASHFLOWFROMINVESTING" NUMBER,
	"TRADEANDNONTRADEPAYABLES" NUMBER,
	"ENTERPRISEVALUEOVEREBITDA" NUMBER,
	"NETCASHFLOWFROMOPERATIONS" NUMBER,
	"PROPERTYPLANTEQUIPMENTNET" NUMBER,
	"EARNINGBEFOREINTERESTTAXES" NUMBER,
	"GOODWILLANDINTANGIBLEASSETS" NUMBER,
	"TRADEANDNONTRADERECEIVABLES" NUMBER,
	"DIVIDENDSPERBASICCOMMONSHARE" NUMBER,
	"WEIGHTEDAVERAGESHARESDILUTED" NUMBER,
	"EARNINGBEFOREINTERESTTAXESUSD" NUMBER,
	"RESEARCHANDDEVELOPMENTEXPENSE" NUMBER,
	"FOREIGNCURRENCYUSDEXCHANGERATE" NUMBER,
	"TANGIBLEASSETSBOOKVALUEPERSHARE" NUMBER,
	"EFFECTOFEXCHANGERATECHANGESONCASH" NUMBER,
	"ACCUMULATEDRETAINEDEARNINGSDEFICIT" NUMBER,
	"NETINCOMETONONCONTROLLINGINTERESTS" NUMBER,
	"ACCUMULATEDOTHERCOMPREHENSIVEINCOME" NUMBER,
	"DEPRECIATIONAMORTIZATIONANDACCRETION" NUMBER,
	"PAYMENTDIVIDENDSOTHERCASHDISTRIBUTIONS" NUMBER,
	"SELLINGGENERALANDADMINISTRATIVEEXPENSE" NUMBER,
	"NETLOSSINCOMEFROMDISCONTINUEDOPERATIONS" NUMBER,
	"PREFERREDDIVIDENDSINCOMESTATEMENTIMPACT" NUMBER,
	"NETCASHFLOWBUSINESSACQUISITIONSDISPOSALS" NUMBER,
	"NETCASHFLOWINVESTMENTACQUISITIONSDISPOSALS" NUMBER,
	"EARNINGSBEFOREINTERESTTAXESDEPRECIATIONAMORTIZATION" NUMBER,
	"EARNINGSBEFOREINTERESTTAXESDEPRECIATIONAMORTIZATIONUSD" NUMBER,
	"APEX$SYNC_STEP_STATIC_ID" VARCHAR2(255),
	"APEX$ROW_SYNC_TIMESTAMP" TIMESTAMP (6) WITH TIME ZONE
   ) SEGMENT CREATION IMMEDIATE
  PCTFREE 10 PCTUSED 40 INITRANS 1 NOCOMPRESS LOGGING
  STORAGE( INITIAL 65536 NEXT 1048576 MINEXTENTS 1 MAXEXTENTS 2147483645
  PCTINCREASE 0 FREELISTS 1 FREELIST GROUPS 1
  BUFFER_POOL DEFAULT FLASH_CACHE DEFAULT CELL_FLASH_CACHE DEFAULT)
  TABLESPACE "APEX_1800792059187979"
Error report -
ORA-00959: tablespace 'APEX_1800792059187979' does not exist
00959. 00000 -  "tablespace '%s' does not exist"
*Cause:    
*Action:
######## END ERROR SUMMARY ##################
asx_news_table.xml::438cf3d7d1e825bc5899d5e720d6da2a13cb338f::(CRAFTSHARP)-Generated

Error starting at line : 1 in command -
CREATE TABLE "ASX_NEWS"
   (	"TICKER" VARCHAR2(4000),
	"DATE_" VARCHAR2(4000),
	"PRICESENS" VARCHAR2(4000),
	"LINK" VARCHAR2(4000),
	"APEX$SYNC_STEP_STATIC_ID" VARCHAR2(255),
	"APEX$ROW_SYNC_TIMESTAMP" TIMESTAMP (6) WITH TIME ZONE,
	"LINKTEXT" VARCHAR2(4000)
   ) SEGMENT CREATION IMMEDIATE
  PCTFREE 10 PCTUSED 40 INITRANS 1 NOCOMPRESS LOGGING
  STORAGE( INITIAL 65536 NEXT 1048576 MINEXTENTS 1 MAXEXTENTS 2147483645
  PCTINCREASE 0 FREELISTS 1 FREELIST GROUPS 1
  BUFFER_POOL DEFAULT FLASH_CACHE DEFAULT CELL_FLASH_CACHE DEFAULT)
  TABLESPACE "APEX_1800792059187979"
Error report -
ORA-00959: tablespace 'APEX_1800792059187979' does not exist
00959. 00000 -  "tablespace '%s' does not exist"
*Cause:    
*Action:
######## END ERROR SUMMARY ##################
stock_exchanges_table.xml::c686c5d0f4760429a61eef89d6a7db83ec710c33::(CRAFTSHARP)-Generated

Error starting at line : 1 in command -
CREATE TABLE "STOCK_EXCHANGES"
   (	"ID" NUMBER,
	"MIC" VARCHAR2(4000),
	"CODE" VARCHAR2(4000),
	"NAME" VARCHAR2(4000),
	"TAPE" VARCHAR2(4000),
	"TYPE" VARCHAR2(4000),
	"MARKET" VARCHAR2(4000),
	"APEX$SYNC_STEP_STATIC_ID" VARCHAR2(255),
	"APEX$ROW_SYNC_TIMESTAMP" TIMESTAMP (6) WITH TIME ZONE
   ) SEGMENT CREATION IMMEDIATE
  PCTFREE 10 PCTUSED 40 INITRANS 1 NOCOMPRESS LOGGING
  STORAGE( INITIAL 65536 NEXT 1048576 MINEXTENTS 1 MAXEXTENTS 2147483645
  PCTINCREASE 0 FREELISTS 1 FREELIST GROUPS 1
  BUFFER_POOL DEFAULT FLASH_CACHE DEFAULT CELL_FLASH_CACHE DEFAULT)
  TABLESPACE "APEX_1800792059187979"
Error report -
ORA-00959: tablespace 'APEX_1800792059187979' does not exist
00959. 00000 -  "tablespace '%s' does not exist"
*Cause:    
*Action:
######## END ERROR SUMMARY ##################
eba_demo_card_vehicle_speed_table.xml::cc88f99dabaf6e9de455437fce8f5a72fe8aaf39::(CRAFTSHARP)-Generated

Error starting at line : 1 in command -
CREATE TABLE "EBA_DEMO_CARD_VEHICLE_SPEED"
   (	"ID" NUMBER DEFAULT to_number(sys_guid(), 'XXXXXXXXXXXXXXXXXXXXXXXXXXXXXXXX'),
	"POSTED_SPEED" NUMBER,
	"VEHICLE_SPEED" NUMBER,
	"DATE_OF_INCEDENT" DATE,
	"LICENSE_PLATE" VARCHAR2(50),
	"LOCATION" VARCHAR2(50),
	"STATE" VARCHAR2(50),
	CONSTRAINT "EBA_DEMO_CARD_VSPEED_PK" PRIMARY KEY ("ID")
  USING INDEX
  PCTFREE 10 INITRANS 2 MAXTRANS 255 LOGGING
  STORAGE(INITIAL 65536 NEXT 1048576 MINEXTENTS 1 MAXEXTENTS 2147483645
  PCTINCREASE 0 FREELISTS 1 FREELIST GROUPS 1 BUFFER_POOL DEFAULT FLASH_CACHE DEFAULT CELL_FLASH_CACHE DEFAULT)
  TABLESPACE "APEX_1800792059187979"  ENABLE
   ) SEGMENT CREATION IMMEDIATE
  PCTFREE 10 PCTUSED 40 INITRANS 1 NOCOMPRESS LOGGING
  STORAGE( INITIAL 65536 NEXT 1048576 MINEXTENTS 1 MAXEXTENTS 2147483645
  PCTINCREASE 0 FREELISTS 1 FREELIST GROUPS 1
  BUFFER_POOL DEFAULT FLASH_CACHE DEFAULT CELL_FLASH_CACHE DEFAULT)
  TABLESPACE "APEX_1800792059187979"
Error report -
ORA-00959: tablespace 'APEX_1800792059187979' does not exist
00959. 00000 -  "tablespace '%s' does not exist"
*Cause:    
*Action:
######## END ERROR SUMMARY ##################
eba_demo_chart_emp_table.xml::fa4061a34a0b541dc0e0b5b5654f032e237a5736::(CRAFTSHARP)-Generated

Error starting at line : 1 in command -
CREATE TABLE "EBA_DEMO_CHART_EMP"
   (	"EMPNO" NUMBER(4,0) NOT NULL ENABLE,
	"ENAME" VARCHAR2(10),
	"JOB" VARCHAR2(9),
	"MGR" NUMBER(4,0),
	"HIREDATE" DATE,
	"SAL" NUMBER(7,2),
	"COMM" NUMBER(7,2),
	"DEPTNO" NUMBER(2,0),
	CONSTRAINT "EBA_DEMO_CHART_EMP_PK" PRIMARY KEY ("EMPNO")
  USING INDEX
  PCTFREE 10 INITRANS 2 MAXTRANS 255 LOGGING
  STORAGE(INITIAL 65536 NEXT 1048576 MINEXTENTS 1 MAXEXTENTS 2147483645
  PCTINCREASE 0 FREELISTS 1 FREELIST GROUPS 1 BUFFER_POOL DEFAULT FLASH_CACHE DEFAULT CELL_FLASH_CACHE DEFAULT)
  TABLESPACE "APEX_1800792059187979"  ENABLE
   ) SEGMENT CREATION IMMEDIATE
  PCTFREE 10 PCTUSED 40 INITRANS 1 NOCOMPRESS LOGGING
  STORAGE( INITIAL 65536 NEXT 1048576 MINEXTENTS 1 MAXEXTENTS 2147483645
  PCTINCREASE 0 FREELISTS 1 FREELIST GROUPS 1
  BUFFER_POOL DEFAULT FLASH_CACHE DEFAULT CELL_FLASH_CACHE DEFAULT)
  TABLESPACE "APEX_1800792059187979"
Error report -
ORA-00959: tablespace 'APEX_1800792059187979' does not exist
00959. 00000 -  "tablespace '%s' does not exist"
*Cause:    
*Action:
######## END ERROR SUMMARY ##################
eba_demo_card_emp_table.xml::8137b0bfd66f5a33b19a746fb3393c565c518028::(CRAFTSHARP)-Generated

Error starting at line : 1 in command -
CREATE TABLE "EBA_DEMO_CARD_EMP"
   (	"EMPNO" NUMBER NOT NULL ENABLE,
	"ENAME" VARCHAR2(255),
	"JOB" VARCHAR2(255),
	"MGR" NUMBER,
	"HIREDATE" DATE,
	"SAL" NUMBER,
	"COMM" NUMBER,
	"DEPTNO" NUMBER,
	"PROFILE_IMAGE" BLOB,
	"MIMETYPE" VARCHAR2(255),
	"FILENAME" VARCHAR2(400),
	"IMAGE_LAST_UPDATE" DATE,
	"TAGS" VARCHAR2(4000),
	CONSTRAINT "EBA_DEMO_CARD_EMP_PK" PRIMARY KEY ("EMPNO")
  USING INDEX
  PCTFREE 10 INITRANS 2 MAXTRANS 255 LOGGING
  STORAGE(INITIAL 65536 NEXT 1048576 MINEXTENTS 1 MAXEXTENTS 2147483645
  PCTINCREASE 0 FREELISTS 1 FREELIST GROUPS 1 BUFFER_POOL DEFAULT FLASH_CACHE DEFAULT CELL_FLASH_CACHE DEFAULT)
  TABLESPACE "APEX_1800792059187979"  ENABLE
   ) SEGMENT CREATION IMMEDIATE
  PCTFREE 10 PCTUSED 40 INITRANS 1 NOCOMPRESS LOGGING
  STORAGE( INITIAL 65536 NEXT 1048576 MINEXTENTS 1 MAXEXTENTS 2147483645
  PCTINCREASE 0 FREELISTS 1 FREELIST GROUPS 1
  BUFFER_POOL DEFAULT FLASH_CACHE DEFAULT CELL_FLASH_CACHE DEFAULT)
  TABLESPACE "APEX_1800792059187979"
 LOB ("PROFILE_IMAGE") STORE AS SECUREFILE  (
  TABLESPACE "APEX_1800792059187979" ENABLE STORAGE IN ROW CHUNK 8192
  NOCACHE LOGGING NOCOMPRESS KEEP_DUPLICATES
  STORAGE( INITIAL 106496 NEXT 1048576 MINEXTENTS 1 MAXEXTENTS 2147483645
  PCTINCREASE 0
  BUFFER_POOL DEFAULT FLASH_CACHE DEFAULT CELL_FLASH_CACHE DEFAULT))
Error report -
ORA-00959: tablespace 'APEX_1800792059187979' does not exist
00959. 00000 -  "tablespace '%s' does not exist"
*Cause:    
*Action:
######## END ERROR SUMMARY ##################
btcusd_err$_comments.xml::5799af577e259d9ab8b95d0d43440e8ec5b43554::(CRAFTSHARP)-Generated

Error starting at line : 1 in command -
COMMENT ON TABLE "CRAFTSHARP"."BTCUSD_ERR$"  IS 'DML Error Logging table for "BTCUSD"'
Error report -
ORA-00942: table or view does not exist
00942. 00000 -  "table or view does not exist"
*Cause:    
*Action:
######## END ERROR SUMMARY ##################
eba_demo_chart_order_fk_ref_constraint.xml::70bb4ee34eb0022b4f2121234d9ae9898769dcc1::(CRAFTSHARP)-Generated

Error starting at line : 1 in command -
ALTER TABLE "EBA_DEMO_CHART_ORDERS" ADD CONSTRAINT "EBA_DEMO_CHART_ORDER_FK" FOREIGN KEY ("PRODUCT_ID")
	  REFERENCES "EBA_DEMO_CHART_PRODUCTS" ("PRODUCT_ID") ON DELETE CASCADE ENABLE
Error report -
ORA-00942: table or view does not exist
00942. 00000 -  "table or view does not exist"
*Cause:    
*Action:
######## END ERROR SUMMARY ##################
eba_demo_sample_fk_ref_constraint.xml::48272f51b94c7e739becccd9ab58c5b5fe2ec82a::(CRAFTSHARP)-Generated

Error starting at line : 1 in command -
ALTER TABLE "EBA_DEMO_CHART_SAMPLE_DATA" ADD CONSTRAINT "EBA_DEMO_SAMPLE_FK" FOREIGN KEY ("SAMPLE_ID")
	  REFERENCES "EBA_DEMO_CHART_SAMPLE_NAMES" ("ID") ON DELETE CASCADE ENABLE
Error report -
ORA-00942: table or view does not exist
00942. 00000 -  "table or view does not exist"
*Cause:    
*Action:
######## END ERROR SUMMARY ##################
eba_demo_card_emp_dept_fk_ref_constraint.xml::1cbbb2f6eb0b8759009d865e643423dbc1ade6a9::(CRAFTSHARP)-Generated

Error starting at line : 1 in command -
ALTER TABLE "EBA_DEMO_CARD_EMP" ADD CONSTRAINT "EBA_DEMO_CARD_EMP_DEPT_FK" FOREIGN KEY ("DEPTNO")
	  REFERENCES "EBA_DEMO_CARD_DEPT" ("DEPTNO") ENABLE
Error report -
ORA-00942: table or view does not exist
00942. 00000 -  "table or view does not exist"
*Cause:    
*Action:
######## END ERROR SUMMARY ##################
eba_demo_card_emp_mgr_fk_ref_constraint.xml::e6f3840a492c4b90b193192305579221bb5ef8be::(CRAFTSHARP)-Generated

Error starting at line : 1 in command -
ALTER TABLE "EBA_DEMO_CARD_EMP" ADD CONSTRAINT "EBA_DEMO_CARD_EMP_MGR_FK" FOREIGN KEY ("MGR")
	  REFERENCES "EBA_DEMO_CARD_EMP" ("EMPNO") ENABLE
Error report -
ORA-00942: table or view does not exist
00942. 00000 -  "table or view does not exist"
*Cause:    
*Action:
######## END ERROR SUMMARY ##################
instrument_fk1_ref_constraint.xml::ab6208c466989b47c965683b3c936a97a6d00b58::(CRAFTSHARP)-Generated

Error starting at line : 1 in command -
ALTER TABLE "INSTRUMENT_HIST" ADD CONSTRAINT "INSTRUMENT_FK1" FOREIGN KEY ("STOCK_CODE")
	  REFERENCES "INSTRUMENT" ("SYMBOL") ENABLE
Error report -
ORA-00942: table or view does not exist
00942. 00000 -  "table or view does not exist"
*Cause:    
*Action:
######## END ERROR SUMMARY ##################
eba_demo_chart_tasks_fk_ref_constraint.xml::0154032201182df07fa706cca01cd3356e9e3447::(CRAFTSHARP)-Generated

Error starting at line : 1 in command -
ALTER TABLE "EBA_DEMO_CHART_TASKS" ADD CONSTRAINT "EBA_DEMO_CHART_TASKS_FK" FOREIGN KEY ("PROJECT")
	  REFERENCES "EBA_DEMO_CHART_PROJECTS" ("ID") ON DELETE CASCADE ENABLE
Error report -
ORA-00942: table or view does not exist
00942. 00000 -  "table or view does not exist"
*Cause:    
*Action:
######## END ERROR SUMMARY ##################
d_craftsharp_d_ba_instrumen_fk_ref_constraint.xml::d15f54951fbb187ebf9e5d089439103e24bde534::(CRAFTSHARP)-Generated

Error starting at line : 1 in command -
ALTER TABLE "D_BARS" ADD CONSTRAINT "D_CRAFTSHARP_D_BA_INSTRUMEN_FK" FOREIGN KEY ("INSTRUMENT_ID")
	  REFERENCES "D_INSTRUMENTS" ("ID") ON DELETE CASCADE ENABLE
Error report -
ORA-00942: table or view does not exist
00942. 00000 -  "table or view does not exist"
*Cause:    
*Action:
######## END ERROR SUMMARY ##################
ref_constraint0.xml::a982a90415b56c1324eb7bb0acf610664a939f89::(CRAFTSHARP)-Generated

Error starting at line : 1 in command -
ALTER TABLE "EMP" ADD FOREIGN KEY ("MGR")
	  REFERENCES "EMP" ("EMPNO") ENABLE
Error report -
ORA-00942: table or view does not exist
00942. 00000 -  "table or view does not exist"
*Cause:    
*Action:
######## END ERROR SUMMARY ##################
ref_constraint1.xml::b3ef5a35d0c0ceea1642799562af1d3887624a86::(CRAFTSHARP)-Generated

Error starting at line : 1 in command -
ALTER TABLE "EMP" ADD FOREIGN KEY ("DEPTNO")
	  REFERENCES "DEPT" ("DEPTNO") ENABLE
Error report -
ORA-00942: table or view does not exist
00942. 00000 -  "table or view does not exist"
*Cause:    
*Action:
######## END ERROR SUMMARY ##################
ref_constraint2.xml::31bf7c92323afa1254076f828cc0ea8ac35fb466::(CRAFTSHARP)-Generated

Error starting at line : 1 in command -
ALTER TABLE "EBA_DEMO_CHART_EMP" ADD FOREIGN KEY ("MGR")
	  REFERENCES "EBA_DEMO_CHART_EMP" ("EMPNO") ENABLE
Error report -
ORA-00942: table or view does not exist
00942. 00000 -  "table or view does not exist"
*Cause:    
*Action:
######## END ERROR SUMMARY ##################
eba_demo_chart_stats_1_index.xml::cdbb19b2eaf7f3377320e6bc6bb52a221e0dd51c::(CRAFTSHARP)-Generated

Error starting at line : 1 in command -
CREATE INDEX "EBA_DEMO_CHART_STATS_1" ON "EBA_DEMO_CHART_STATS" ("EMPLOYEE")
  PCTFREE 10 INITRANS 2 MAXTRANS 255 LOGGING
  STORAGE(INITIAL 65536 NEXT 1048576 MINEXTENTS 1 MAXEXTENTS 2147483645
  PCTINCREASE 0 FREELISTS 1 FREELIST GROUPS 1 BUFFER_POOL DEFAULT FLASH_CACHE DEFAULT CELL_FLASH_CACHE DEFAULT)
  TABLESPACE "APEX_1800792059187979"
Error report -
ORA-00942: table or view does not exist
00942. 00000 -  "table or view does not exist"
*Cause:    
*Action:
######## END ERROR SUMMARY ##################
eba_demo_chart_emp_2_index.xml::382f1a99ae1cb06ca1a90d2476511dc4542ab67b::(CRAFTSHARP)-Generated

Error starting at line : 1 in command -
CREATE INDEX "EBA_DEMO_CHART_EMP_2" ON "EBA_DEMO_CHART_EMP" ("DEPTNO")
  PCTFREE 10 INITRANS 2 MAXTRANS 255 LOGGING
  STORAGE(INITIAL 65536 NEXT 1048576 MINEXTENTS 1 MAXEXTENTS 2147483645
  PCTINCREASE 0 FREELISTS 1 FREELIST GROUPS 1 BUFFER_POOL DEFAULT FLASH_CACHE DEFAULT CELL_FLASH_CACHE DEFAULT)
  TABLESPACE "APEX_1800792059187979"
Error report -
ORA-00942: table or view does not exist
00942. 00000 -  "table or view does not exist"
*Cause:    
*Action:
######## END ERROR SUMMARY ##################
eba_demo_chart_tasks_idx1_index.xml::55c316370f61204dc5b6711a24e78c75151fed12::(CRAFTSHARP)-Generated

Error starting at line : 1 in command -
CREATE INDEX "EBA_DEMO_CHART_TASKS_IDX1" ON "EBA_DEMO_CHART_TASKS" ("PROJECT")
  PCTFREE 10 INITRANS 2 MAXTRANS 255 LOGGING
  STORAGE(INITIAL 65536 NEXT 1048576 MINEXTENTS 1 MAXEXTENTS 2147483645
  PCTINCREASE 0 FREELISTS 1 FREELIST GROUPS 1 BUFFER_POOL DEFAULT FLASH_CACHE DEFAULT CELL_FLASH_CACHE DEFAULT)
  TABLESPACE "APEX_1800792059187979"
Error report -
ORA-00942: table or view does not exist
00942. 00000 -  "table or view does not exist"
*Cause:    
*Action:
######## END ERROR SUMMARY ##################
eba_demo_chart_prod_1_index.xml::d58235c075ba5c7447f3a3742ce3d845caedced7::(CRAFTSHARP)-Generated

Error starting at line : 1 in command -
CREATE INDEX "EBA_DEMO_CHART_PROD_1" ON "EBA_DEMO_CHART_PRODUCTS" ("LIST_PRICE")
  PCTFREE 10 INITRANS 2 MAXTRANS 255 LOGGING
  STORAGE(INITIAL 65536 NEXT 1048576 MINEXTENTS 1 MAXEXTENTS 2147483645
  PCTINCREASE 0 FREELISTS 1 FREELIST GROUPS 1 BUFFER_POOL DEFAULT FLASH_CACHE DEFAULT CELL_FLASH_CACHE DEFAULT)
  TABLESPACE "APEX_1800792059187979"
Error report -
ORA-00942: table or view does not exist
00942. 00000 -  "table or view does not exist"
*Cause:    
*Action:
######## END ERROR SUMMARY ##################
eba_demo_chart_ord_2_index.xml::475c1af9ecc59da9e8c639e0676829aec7b0ecae::(CRAFTSHARP)-Generated

Error starting at line : 1 in command -
CREATE INDEX "EBA_DEMO_CHART_ORD_2" ON "EBA_DEMO_CHART_ORDERS" ("PRODUCT_ID")
  PCTFREE 10 INITRANS 2 MAXTRANS 255 LOGGING
  STORAGE(INITIAL 65536 NEXT 1048576 MINEXTENTS 1 MAXEXTENTS 2147483645
  PCTINCREASE 0 FREELISTS 1 FREELIST GROUPS 1 BUFFER_POOL DEFAULT FLASH_CACHE DEFAULT CELL_FLASH_CACHE DEFAULT)
  TABLESPACE "APEX_1800792059187979"
Error report -
ORA-00942: table or view does not exist
00942. 00000 -  "table or view does not exist"
*Cause:    
*Action:
######## END ERROR SUMMARY ##################
eba_demo_chart_ord_1_index.xml::ee3a3e04c9d578b93d352afecbefdb2b6bf7b5bb::(CRAFTSHARP)-Generated

Error starting at line : 1 in command -
CREATE INDEX "EBA_DEMO_CHART_ORD_1" ON "EBA_DEMO_CHART_ORDERS" ("QUANTITY")
  PCTFREE 10 INITRANS 2 MAXTRANS 255 LOGGING
  STORAGE(INITIAL 65536 NEXT 1048576 MINEXTENTS 1 MAXEXTENTS 2147483645
  PCTINCREASE 0 FREELISTS 1 FREELIST GROUPS 1 BUFFER_POOL DEFAULT FLASH_CACHE DEFAULT CELL_FLASH_CACHE DEFAULT)
  TABLESPACE "APEX_1800792059187979"
Error report -
ORA-00942: table or view does not exist
00942. 00000 -  "table or view does not exist"
*Cause:    
*Action:
######## END ERROR SUMMARY ##################
eba_demo_chart_emp_1_index.xml::06ea659b508a4f05b62b5d353a4e723877f583a8::(CRAFTSHARP)-Generated

Error starting at line : 1 in command -
CREATE INDEX "EBA_DEMO_CHART_EMP_1" ON "EBA_DEMO_CHART_EMP" ("MGR")
  PCTFREE 10 INITRANS 2 MAXTRANS 255 LOGGING
  STORAGE(INITIAL 65536 NEXT 1048576 MINEXTENTS 1 MAXEXTENTS 2147483645
  PCTINCREASE 0 FREELISTS 1 FREELIST GROUPS 1 BUFFER_POOL DEFAULT FLASH_CACHE DEFAULT CELL_FLASH_CACHE DEFAULT)
  TABLESPACE "APEX_1800792059187979"
Error report -
ORA-00942: table or view does not exist
00942. 00000 -  "table or view does not exist"
*Cause:    
*Action:
######## END ERROR SUMMARY ##################
eba_demo_chart_stats_2_index.xml::eac27f5c8470229c6aeeecd62242c07f9e7deebd::(CRAFTSHARP)-Generated

Error starting at line : 1 in command -
CREATE INDEX "EBA_DEMO_CHART_STATS_2" ON "EBA_DEMO_CHART_STATS" ("EMPLOYER")
  PCTFREE 10 INITRANS 2 MAXTRANS 255 LOGGING
  STORAGE(INITIAL 65536 NEXT 1048576 MINEXTENTS 1 MAXEXTENTS 2147483645
  PCTINCREASE 0 FREELISTS 1 FREELIST GROUPS 1 BUFFER_POOL DEFAULT FLASH_CACHE DEFAULT CELL_FLASH_CACHE DEFAULT)
  TABLESPACE "APEX_1800792059187979"
Error report -
ORA-00942: table or view does not exist
00942. 00000 -  "table or view does not exist"
*Cause:    
*Action:
######## END ERROR SUMMARY ##################
eba_demo_chart_stats_3_index.xml::ab353209763b25998681eb8d833c4651d0a73f2e::(CRAFTSHARP)-Generated

Error starting at line : 1 in command -
CREATE INDEX "EBA_DEMO_CHART_STATS_3" ON "EBA_DEMO_CHART_STATS" ("TOTAL")
  PCTFREE 10 INITRANS 2 MAXTRANS 255 LOGGING
  STORAGE(INITIAL 65536 NEXT 1048576 MINEXTENTS 1 MAXEXTENTS 2147483645
  PCTINCREASE 0 FREELISTS 1 FREELIST GROUPS 1 BUFFER_POOL DEFAULT FLASH_CACHE DEFAULT CELL_FLASH_CACHE DEFAULT)
  TABLESPACE "APEX_1800792059187979"
Error report -
ORA-00942: table or view does not exist
00942. 00000 -  "table or view does not exist"
*Cause:    
*Action:
######## END ERROR SUMMARY ##################
d_craftsharp_d_bars_i1_index.xml::b7934c51deda8f2c06e7a4a11b59c8128eea2a36::(CRAFTSHARP)-Generated

Error starting at line : 1 in command -
CREATE INDEX "D_CRAFTSHARP_D_BARS_I1" ON "D_BARS" ("INSTRUMENT_ID")
  PCTFREE 10 INITRANS 2 MAXTRANS 255 LOGGING
  STORAGE(INITIAL 65536 NEXT 1048576 MINEXTENTS 1 MAXEXTENTS 2147483645
  PCTINCREASE 0 FREELISTS 1 FREELIST GROUPS 1 BUFFER_POOL DEFAULT FLASH_CACHE DEFAULT CELL_FLASH_CACHE DEFAULT)
  TABLESPACE "APEX_1800792059187979"
Error report -
ORA-00942: table or view does not exist
00942. 00000 -  "table or view does not exist"
*Cause:    
*Action:
######## END ERROR SUMMARY ##################
eba_demo_chart_sample_idx1_index.xml::6f44328ac7e9fe3979bcad3e2f01f200972cee0a::(CRAFTSHARP)-Generated

Error starting at line : 1 in command -
CREATE INDEX "EBA_DEMO_CHART_SAMPLE_IDX1" ON "EBA_DEMO_CHART_SAMPLE_DATA" ("SAMPLE_ID")
  PCTFREE 10 INITRANS 2 MAXTRANS 255 LOGGING
  STORAGE(INITIAL 65536 NEXT 1048576 MINEXTENTS 1 MAXEXTENTS 2147483645
  PCTINCREASE 0 FREELISTS 1 FREELIST GROUPS 1 BUFFER_POOL DEFAULT FLASH_CACHE DEFAULT CELL_FLASH_CACHE DEFAULT)
  TABLESPACE "APEX_1800792059187979"
Error report -
ORA-00942: table or view does not exist
00942. 00000 -  "table or view does not exist"
*Cause:    
*Action:
######## END ERROR SUMMARY ##################
eba_demo_chart_bball_1_index.xml::cc1c1ba6b9788503f21354a551f7a019430e19fe::(CRAFTSHARP)-Generated

Error starting at line : 1 in command -
CREATE INDEX "EBA_DEMO_CHART_BBALL_1" ON "EBA_DEMO_CHART_BBALL" ("WINS")
  PCTFREE 10 INITRANS 2 MAXTRANS 255 LOGGING
  STORAGE(INITIAL 65536 NEXT 1048576 MINEXTENTS 1 MAXEXTENTS 2147483645
  PCTINCREASE 0 FREELISTS 1 FREELIST GROUPS 1 BUFFER_POOL DEFAULT FLASH_CACHE DEFAULT CELL_FLASH_CACHE DEFAULT)
  TABLESPACE "APEX_1800792059187979"
Error report -
ORA-00942: table or view does not exist
00942. 00000 -  "table or view does not exist"
*Cause:    
*Action:
######## END ERROR SUMMARY ##################
biu_eba_demo_chart_proj_trigger.xml::552454be90a44fe467abefeb9e118aba4741aa28::(CRAFTSHARP)-Generated

Error starting at line : 1 in command -
CREATE OR REPLACE EDITIONABLE TRIGGER "BIU_EBA_DEMO_CHART_PROJ" 
   before insert or update on eba_demo_chart_projects
   for each row 
begin  
   if :new."ID" is null then
     select to_number(sys_guid(),'XXXXXXXXXXXXXXXXXXXXXXXXXXXXXXXX') into :new.id from dual;
   end if;
   if inserting then
       :new.created := current_timestamp;
       :new.created_by := nvl(wwv_flow.g_user,user);
       :new.updated := current_timestamp;
       :new.updated_by := nvl(wwv_flow.g_user,user);
   end if;
   if inserting or updating then
       :new.updated := current_timestamp;
       :new.updated_by := nvl(wwv_flow.g_user,user);
   end if;
   if inserting then
       :new.row_version_number := 1;
   elsif updating then
       :new.row_version_number := nvl(:old.row_version_number,1) + 1;
   end if;
end;
Error report -
ORA-00942: table or view does not exist
00942. 00000 -  "table or view does not exist"
*Cause:    
*Action:
######## END ERROR SUMMARY ##################
biu_eba_demo_chart_bball_trigger.xml::0ecf1d5a7c377868d1bd9161c1fa1933c362de39::(CRAFTSHARP)-Generated

Error starting at line : 1 in command -
CREATE OR REPLACE EDITIONABLE TRIGGER "BIU_EBA_DEMO_CHART_BBALL" 
   before insert or update on eba_demo_chart_bball
   for each row
begin  
   if :new."ID" is null then
     select to_number(sys_guid(),'XXXXXXXXXXXXXXXXXXXXXXXXXXXXXXXX') into :new.id from dual;
   end if;
   if inserting then
       :new.created := current_timestamp;
       :new.created_by := nvl(wwv_flow.g_user,user);
       :new.updated := current_timestamp;
       :new.updated_by := nvl(wwv_flow.g_user,user);
   end if;
   if inserting or updating then
       :new.updated := current_timestamp;
       :new.updated_by := nvl(wwv_flow.g_user,user);
   end if;
end;
Error report -
ORA-00942: table or view does not exist
00942. 00000 -  "table or view does not exist"
*Cause:    
*Action:
######## END ERROR SUMMARY ##################
biu_eba_demo_chart_orders_trigger.xml::bff85c53add5c41adac6d0fd23bddfbcb5edb353::(CRAFTSHARP)-Generated

Error starting at line : 1 in command -
CREATE OR REPLACE EDITIONABLE TRIGGER "BIU_EBA_DEMO_CHART_ORDERS" 
   before insert or update on eba_demo_chart_orders
   for each row
begin  
   if :new."ORDER_ID" is null then
     select to_number(sys_guid(),'XXXXXXXXXXXXXXXXXXXXXXXXXXXXXXXX') into :new.order_id from dual;
   end if;
   if inserting then
       :new.created := current_timestamp;
       :new.created_by := nvl(wwv_flow.g_user,user);
       :new.updated := current_timestamp;
       :new.updated_by := nvl(wwv_flow.g_user,user);
   end if;
   if inserting or updating then
       :new.updated := current_timestamp;
       :new.updated_by := nvl(wwv_flow.g_user,user);
   end if;
end;
Error report -
ORA-00942: table or view does not exist
00942. 00000 -  "table or view does not exist"
*Cause:    
*Action:
######## END ERROR SUMMARY ##################
biu_eba_demo_chart_pop_trigger.xml::f5c05e7e71e4cc0cc8339b81e3ac84c24ab4661e::(CRAFTSHARP)-Generated

Error starting at line : 1 in command -
CREATE OR REPLACE EDITIONABLE TRIGGER "BIU_EBA_DEMO_CHART_POP" 
   before insert or update on eba_demo_chart_population
   for each row
begin  
   if :new."ID" is null then
     select to_number(sys_guid(),'XXXXXXXXXXXXXXXXXXXXXXXXXXXXXXXX') into :new.id from dual;
   end if;
   if inserting then
       :new.created := current_timestamp;
       :new.created_by := nvl(wwv_flow.g_user,user);
       :new.updated := current_timestamp;
       :new.updated_by := nvl(wwv_flow.g_user,user);
   end if;
   if inserting or updating then
       :new.updated := current_timestamp;
       :new.updated_by := nvl(wwv_flow.g_user,user);
   end if;
   if inserting then
       :new.row_version_number := 1;
   elsif updating then
       :new.row_version_number := nvl(:old.row_version_number,1) + 1;
   end if;
end;
Error report -
ORA-00942: table or view does not exist
00942. 00000 -  "table or view does not exist"
*Cause:    
*Action:
######## END ERROR SUMMARY ##################
biu_eba_demo_chart_tasks_trigger.xml::6ead6b679d8835fcf086d09312511d44a5d888bd::(CRAFTSHARP)-Generated

Error starting at line : 1 in command -
CREATE OR REPLACE EDITIONABLE TRIGGER "BIU_EBA_DEMO_CHART_TASKS" 
   before insert or update on eba_demo_chart_tasks
   for each row
begin  
   if :new."ID" is null then
     select to_number(sys_guid(),'XXXXXXXXXXXXXXXXXXXXXXXXXXXXXXXX') into :new.id from dual;
   end if;
   if inserting then
       :new.created := current_timestamp;
       :new.created_by := nvl(wwv_flow.g_user,user);
       :new.updated := current_timestamp;
       :new.updated_by := nvl(wwv_flow.g_user,user);
   end if;
   if inserting or updating then
       :new.updated := current_timestamp;
       :new.updated_by := nvl(wwv_flow.g_user,user);
   end if;
   if inserting then
       :new.row_version_number := 1;
   elsif updating then
       :new.row_version_number := nvl(:old.row_version_number,1) + 1;
   end if;
end;
Error report -
ORA-00942: table or view does not exist
00942. 00000 -  "table or view does not exist"
*Cause:    
*Action:
######## END ERROR SUMMARY ##################
biu_eba_demo_chart_stocks_trigger.xml::eb9557d6ca78ee808116abf060e2f2b37cfc14ea::(CRAFTSHARP)-Generated

Error starting at line : 1 in command -
CREATE OR REPLACE EDITIONABLE TRIGGER "BIU_EBA_DEMO_CHART_STOCKS" 
   before insert or update on eba_demo_chart_stocks
   for each row
begin  
   if :new."ID" is null then
     select to_number(sys_guid(),'XXXXXXXXXXXXXXXXXXXXXXXXXXXXXXXX') into :new.id from dual;
   end if;
   if inserting then
       :new.created := current_timestamp;
       :new.created_by := nvl(wwv_flow.g_user,user);
       :new.updated := current_timestamp;
       :new.updated_by := nvl(wwv_flow.g_user,user);
   end if;
   if inserting or updating then
       :new.updated := current_timestamp;
       :new.updated_by := nvl(wwv_flow.g_user,user);
   end if;
   if inserting then
       :new.row_version_number := 1;
   elsif updating then
       :new.row_version_number := nvl(:old.row_version_number,1) + 1;
   end if;
end;
Error report -
ORA-00942: table or view does not exist
00942. 00000 -  "table or view does not exist"
*Cause:    
*Action:
######## END ERROR SUMMARY ##################
dept_trg1_trigger.xml::52e0b274b6c023673d417cddf36b63265e693e4a::(CRAFTSHARP)-Generated

Error starting at line : 1 in command -
CREATE OR REPLACE EDITIONABLE TRIGGER "DEPT_TRG1" 
              before insert on dept
              for each row
              begin
                  if :new.deptno is null then
                      select dept_seq.nextval into :new.deptno from sys.dual;
                 end if;
              end;
Error report -
ORA-00942: table or view does not exist
00942. 00000 -  "table or view does not exist"
*Cause:    
*Action:
######## END ERROR SUMMARY ##################
biu_eba_demo_chart_sample_data_trigger.xml::b156e448c698ca499f8b2706b5df9a94c945fd61::(CRAFTSHARP)-Generated

Error starting at line : 1 in command -
CREATE OR REPLACE EDITIONABLE TRIGGER "BIU_EBA_DEMO_CHART_SAMPLE_DATA" 
   before insert or update on eba_demo_chart_sample_data
   for each row 
begin  
   if :new."ID" is null then
     select to_number(sys_guid(),'XXXXXXXXXXXXXXXXXXXXXXXXXXXXXXXX') into :new.id from dual;
   end if;
   if inserting then
       :new.created := current_timestamp;
       :new.created_by := nvl(wwv_flow.g_user,user);
       :new.updated := current_timestamp;
       :new.updated_by := nvl(wwv_flow.g_user,user);
   end if;
   if inserting or updating then
       :new.updated := current_timestamp;
       :new.updated_by := nvl(wwv_flow.g_user,user);
   end if;
end;
Error report -
ORA-00942: table or view does not exist
00942. 00000 -  "table or view does not exist"
*Cause:    
*Action:
######## END ERROR SUMMARY ##################
emp_trg1_trigger.xml::c51fb9c821d733b0b841f6bd75df44ac15f0818b::(CRAFTSHARP)-Generated

Error starting at line : 1 in command -
CREATE OR REPLACE EDITIONABLE TRIGGER "EMP_TRG1" 
              before insert on emp
              for each row
              begin
                  if :new.empno is null then
                      select emp_seq.nextval into :new.empno from sys.dual;
                 end if;
              end;
Error report -
ORA-00942: table or view does not exist
00942. 00000 -  "table or view does not exist"
*Cause:    
*Action:
######## END ERROR SUMMARY ##################
biu_eba_demo_chart_stats_trigger.xml::5961eb6bd230b13067f22ae6190587d9f27e0c96::(CRAFTSHARP)-Generated

Error starting at line : 1 in command -
CREATE OR REPLACE EDITIONABLE TRIGGER "BIU_EBA_DEMO_CHART_STATS" 
   before insert or update on eba_demo_chart_stats
   for each row
begin  
   if :new."ID" is null then
     select to_number(sys_guid(),'XXXXXXXXXXXXXXXXXXXXXXXXXXXXXXXX') into :new.id from dual;
   end if;
   if inserting then
       :new.created := current_timestamp;
       :new.created_by := nvl(wwv_flow.g_user,user);
       :new.updated := current_timestamp;
       :new.updated_by := nvl(wwv_flow.g_user,user);
   end if;
   if inserting or updating then
       :new.updated := current_timestamp;
       :new.updated_by := nvl(wwv_flow.g_user,user);
   end if;
end;
Error report -
ORA-00942: table or view does not exist
00942. 00000 -  "table or view does not exist"
*Cause:    
*Action:
######## END ERROR SUMMARY ##################
biu_eba_demo_chart_products_trigger.xml::93ada76026d2be138393d73b561d5111bf0ee6f4::(CRAFTSHARP)-Generated

Error starting at line : 1 in command -
CREATE OR REPLACE EDITIONABLE TRIGGER "BIU_EBA_DEMO_CHART_PRODUCTS" 
   before insert or update on eba_demo_chart_products
   for each row
begin  
   if :new."PRODUCT_ID" is null then
     select to_number(sys_guid(),'XXXXXXXXXXXXXXXXXXXXXXXXXXXXXXXX') into :new.product_id from dual;
   end if;
   if inserting then
       :new.created := current_timestamp;
       :new.created_by := nvl(wwv_flow.g_user,user);
       :new.updated := current_timestamp;
       :new.updated_by := nvl(wwv_flow.g_user,user);
   end if;
   if inserting or updating then
       :new.updated := current_timestamp;
       :new.updated_by := nvl(wwv_flow.g_user,user);
   end if;
end;
Error report -
ORA-00942: table or view does not exist
00942. 00000 -  "table or view does not exist"
*Cause:    
*Action:
######## END ERROR SUMMARY ##################
